#
# A fatal error has been detected by the Java Runtime Environment:
#
#  SIGSEGV (0xb) at pc=0x00007fb2105c099b, pid=829, tid=140402097841920
#
# JRE version: 7.0_25-b30
# Java VM: OpenJDK 64-Bit Server VM (23.7-b01 mixed mode linux-amd64 compressed oops)
# Problematic frame:
# C  [libc.so.6+0x9199b]  memccpy+0x1eb
#
# Failed to write core dump. Core dumps have been disabled. To enable core dumping, try "ulimit -c unlimited" before starting Java again
#
# If you would like to submit a bug report, please include
# instructions on how to reproduce the bug and visit:
#   https://bugs.launchpad.net/ubuntu/+source/openjdk-7/
# The crash happened outside the Java Virtual Machine in native code.
# See problematic frame for where to report the bug.
#

---------------  T H R E A D  ---------------

Current thread (0x00007fb1c9289800):  JavaThread "play-internal-execution-context-1" [_thread_in_native, id=1458, stack(0x00007fb1e91ae000,0x00007fb1e92af000)]

siginfo:si_signo=SIGSEGV: si_errno=0, si_code=2 (SEGV_ACCERR), si_addr=0x00007fb1e92b4000

Registers:
RAX=0x0000000000000001, RBX=0x00007fb209162660, RCX=0x00000000000007f5, RDX=0x0000000000007260
RSP=0x00007fb1e92abd08, RBP=0x00007fb1e92abd70, RSI=0x00007fb1e92b4000, RDI=0x00007fb1c89a540d
R8 =0x0000000000000003, R9 =0x00000000fdffffff, R10=0x00007fb20506f138, R11=0x0000000000007260
R12=0x0000000000000000, R13=0x00007fb1c89a2150, R14=0x00007fb1c92bb140, R15=0x0000000000002f73
RIP=0x00007fb2105c099b, EFLAGS=0x0000000000010212, CSGSFS=0x0000000000000033, ERR=0x0000000000000004
  TRAPNO=0x000000000000000e

Top of Stack: (sp=0x00007fb1e92abd08)
0x00007fb1e92abd08:   00007fb20d9a02e7 00007fb100007265
0x00007fb1e92abd18:   00007fb1e92b0d15 0000000054619800
0x00007fb1e92abd28:   00000000616c632e 000000006c6c6f72
0x00007fb1e92abd38:   0000000000007265 00007fb1e92abde0
0x00007fb1e92abd48:   00007fb209563788 00007fb1e92abde0
0x00007fb1e92abd58:   00007fb1c94fd640 00007fb209162660
0x00007fb1e92abd68:   00000000607c9ee6 00007fb1e92abdc0
0x00007fb1e92abd78:   00007fb20d9a0ed0 00007fb1dcd09da0
0x00007fb1e92abd88:   0000000cc9289800 00007fb1c9289800
0x00007fb1e92abd98:   00007fb1e92abde0 00007fb1e92ac238
0x00007fb1e92abda8:   00007fb1e92abde0 000000000000000c
0x00007fb1e92abdb8:   00007fb1c92899d8 00007fb1e92ac220
0x00007fb1e92abdc8:   00007fb20d99eb13 0000000100000001
0x00007fb1e92abdd8:   00007fb209162660 756c702e79616c70
0x00007fb1e92abde8:   00000000736e6967 00007fb1e92abe30
0x00007fb1e92abdf8:   00007fb20f917b48 00007fb1e92abe88
0x00007fb1e92abe08:   00007fb1c9289800 00007fb1dcd09d90
0x00007fb1e92abe18:   0000000000000000 0000000000000001
0x00007fb1e92abe28:   00007fb1c9289800 00007fb1e92abea0
0x00007fb1e92abe38:   00007fb20f723539 00000000882c72d8
0x00007fb1e92abe48:   00000000902a9110 00000000882c60d0
0x00007fb1e92abe58:   0000000000000000 00007fb1e92abe88
0x00007fb1e92abe68:   00007fb1e92abed0 00007fb205006158
0x00007fb1e92abe78:   00007fb1c873abf0 00007fb1e92abec0
0x00007fb1e92abe88:   00007fb20f729a33 000000008800ce18
0x00007fb1e92abe98:   0000000000000001 00007fb1e92abee0
0x00007fb1e92abea8:   0000000000000004 00007fb1c9289800
0x00007fb1e92abeb8:   0000000000000002 00007fb1e92abee0
0x00007fb1e92abec8:   00007fb20f7297ab 00007fb1c9289800
0x00007fb1e92abed8:   0000000000000004 00007fb1e92abf40
0x00007fb1e92abee8:   00007fb20f723f15 00000000e2e5a458
0x00007fb1e92abef8:   0000000400000001 00007fb1dcd09da0 

Instructions: (pc=0x00007fb2105c099b)
0x00007fb2105c097b:   fe ff ff f3 c3 4c 8b 1d e9 68 32 00 49 39 d3 4c
0x00007fb2105c098b:   0f 47 da 4c 89 d9 49 83 e3 f8 48 c1 e9 03 74 05
0x00007fb2105c099b:   f3 48 a5 66 90 4c 29 da 48 f7 c2 f8 ff ff ff 75
0x00007fb2105c09ab:   14 83 e2 07 48 8b 44 24 f8 0f 85 8f fe ff ff f3 

Register to memory mapping:

RAX=0x0000000000000001 is an unknown value
RBX=0x00007fb209162660 is an unknown value
RCX=0x00000000000007f5 is an unknown value
RDX=0x0000000000007260 is an unknown value
RSP=0x00007fb1e92abd08 is pointing into the stack for thread: 0x00007fb1c9289800
RBP=0x00007fb1e92abd70 is pointing into the stack for thread: 0x00007fb1c9289800
RSI=0x00007fb1e92b4000: <offset 0x2000> in /home/andrea/workspace/mongo-views-examples/target/native_libraries/64bits/libjnotify.so at 0x00007fb1e92b2000
RDI=0x00007fb1c89a540d is an unknown value
R8 =0x0000000000000003 is an unknown value
R9 =0x00000000fdffffff is an unknown value
R10=0x00007fb20506ef50 [CodeBlob (0x00007fb20506ef50)]
Framesize: 10
R11=0x0000000000007260 is an unknown value
R12=0x0000000000000000 is an unknown value
R13=0x00007fb1c89a2150 is an unknown value
R14=0x00007fb1c92bb140 is an unknown value
R15=0x0000000000002f73 is an unknown value


Stack: [0x00007fb1e91ae000,0x00007fb1e92af000],  sp=0x00007fb1e92abd08,  free space=1015k
Native frames: (J=compiled Java code, j=interpreted, Vv=VM code, C=native code)
C  [libc.so.6+0x9199b]  memccpy+0x1eb
C  [libzip.so+0x5ed0]  ZIP_GetEntry+0xd0
C  [libzip.so+0x3b13]  Java_java_util_zip_ZipFile_getEntry+0xb3
J  java.util.zip.ZipFile.getEntry(J[BZ)J

Java frames: (J=compiled Java code, j=interpreted, Vv=VM code)
J  java.util.zip.ZipFile.getEntry(J[BZ)J
J  java.util.zip.ZipFile.getEntry(Ljava/lang/String;)Ljava/util/zip/ZipEntry;
J  java.util.jar.JarFile.getEntry(Ljava/lang/String;)Ljava/util/zip/ZipEntry;
j  sun.net.www.protocol.jar.URLJarFile.getEntry(Ljava/lang/String;)Ljava/util/zip/ZipEntry;+2
j  sun.net.www.protocol.jar.JarURLConnection.connect()V+62
j  sun.net.www.protocol.jar.JarURLConnection.getInputStream()Ljava/io/InputStream;+1
j  java.net.URL.openStream()Ljava/io/InputStream;+4
j  scalax.io.Resource$$anonfun$fromURL$1.apply()Ljava/io/InputStream;+4
j  scalax.io.Resource$$anonfun$fromURL$1.apply()Ljava/lang/Object;+1
j  scalax.io.managed.InputStreamResource.scalax$io$managed$InputStreamResource$$nResource$2()Lscalax/io/ResourceAdapting$ReadableChannelAdapter;+8
j  scalax.io.managed.InputStreamResource$$anonfun$readableByteChannel$1.apply()Lscalax/io/ResourceAdapting$ReadableChannelAdapter;+4
j  scalax.io.managed.InputStreamResource$$anonfun$readableByteChannel$1.apply()Ljava/lang/Object;+1
j  scalax.io.managed.ReadableByteChannelResource.open()Lscalax/io/OpenedResource;+8
j  scalax.io.managed.ReadableByteChannelResource$$anonfun$bytes$1.apply()Lscalax/io/OpenedResource;+4
j  scalax.io.managed.ReadableByteChannelResource$$anonfun$bytes$1.apply()Ljava/lang/Object;+1
j  scalax.io.traversable.ByteResourceTraversable.iterator()Lscalax/io/traversable/Sliceable;+4
j  scalax.io.traversable.ByteResourceTraversable$$anonfun$toArray$1.apply()Lscalax/io/traversable/Sliceable;+4
j  scalax.io.traversable.ByteResourceTraversable$$anonfun$toArray$1.apply()Ljava/lang/Object;+1
j  scala.util.control.Exception$Catch$$anonfun$either$1.apply()Lscala/util/Right;+8
j  scala.util.control.Exception$Catch$$anonfun$either$1.apply()Ljava/lang/Object;+1
j  scala.util.control.Exception$Catch.apply(Lscala/Function0;)Ljava/lang/Object;+1
j  scala.util.control.Exception$Catch.either(Lscala/Function0;)Lscala/util/Either;+13
j  scalax.io.CloseableIterator$.withIterator(Lscala/Function0;Lscalax/io/ResourceContext;Lscala/Function1;)Ljava/lang/Object;+7
j  scalax.io.traversable.ByteResourceTraversable.toArray(Lscala/reflect/ClassTag;)Ljava/lang/Object;+24
j  scalax.io.Input$class.byteArray(Lscalax/io/Input;)[B+12
j  scalax.io.managed.InputStreamResource.byteArray()[B+1
j  scalax.io.Input$class.string(Lscalax/io/Input;Lscalax/io/Codec;)Ljava/lang/String;+5
j  scalax.io.managed.InputStreamResource.string(Lscalax/io/Codec;)Ljava/lang/String;+2
j  play.api.WithDefaultPlugins$$anonfun$pluginClasses$1.apply(Ljava/net/URL;)[Lscala/Tuple2;+32
j  play.api.WithDefaultPlugins$$anonfun$pluginClasses$1.apply(Ljava/lang/Object;)Ljava/lang/Object;+5
j  scala.collection.TraversableLike$$anonfun$map$1.apply(Ljava/lang/Object;)Lscala/collection/mutable/Builder;+9
j  scala.collection.TraversableLike$$anonfun$map$1.apply(Ljava/lang/Object;)Ljava/lang/Object;+2
j  scala.collection.immutable.List.foreach(Lscala/Function1;)V+19
j  scala.collection.TraversableLike$class.map(Lscala/collection/TraversableLike;Lscala/Function1;Lscala/collection/generic/CanBuildFrom;)Ljava/lang/Object;+17
j  scala.collection.AbstractTraversable.map(Lscala/Function1;Lscala/collection/generic/CanBuildFrom;)Ljava/lang/Object;+3
j  play.api.WithDefaultPlugins$class.pluginClasses(Lplay/api/WithDefaultPlugins;)Lscala/collection/Seq;+124
j  play.api.DefaultApplication.pluginClasses()Lscala/collection/Seq;+1
j  play.api.WithDefaultPlugins$$anonfun$plugins$1.apply()Lscala/collection/Seq;+4
j  play.api.WithDefaultPlugins$$anonfun$plugins$1.apply()Ljava/lang/Object;+1
j  play.utils.Threads$.withContextClassLoader(Ljava/lang/ClassLoader;Lscala/Function0;)Ljava/lang/Object;+16
j  play.api.WithDefaultPlugins$class.plugins(Lplay/api/WithDefaultPlugins;)Lscala/collection/Seq;+20
j  play.api.DefaultApplication.plugins$lzycompute()Lscala/collection/Seq;+17
j  play.api.DefaultApplication.plugins()Lscala/collection/Seq;+12
j  play.api.Play$$anonfun$start$1.apply$mcV$sp()V+4
j  play.api.Play$$anonfun$start$1.apply()V+1
j  play.api.Play$$anonfun$start$1.apply()Ljava/lang/Object;+1
j  play.utils.Threads$.withContextClassLoader(Ljava/lang/ClassLoader;Lscala/Function0;)Ljava/lang/Object;+16
j  play.api.Play$.start(Lplay/api/Application;)V+25
j  play.core.ReloadableApplication$$anonfun$get$1$$anonfun$apply$1$$anonfun$1.apply(Ljava/lang/ClassLoader;)Lscala/util/Either;+81
j  play.core.ReloadableApplication$$anonfun$get$1$$anonfun$apply$1$$anonfun$1.apply(Ljava/lang/Object;)Ljava/lang/Object;+5
j  scala.Option.map(Lscala/Function1;)Lscala/Option;+22
j  play.core.ReloadableApplication$$anonfun$get$1$$anonfun$apply$1.apply(Lscala/Option;)Lscala/util/Either;+9
j  play.core.ReloadableApplication$$anonfun$get$1$$anonfun$apply$1.apply(Ljava/lang/Object;)Ljava/lang/Object;+5
j  scala.util.Either$RightProjection.flatMap(Lscala/Function1;)Lscala/util/Either;+61
j  play.core.ReloadableApplication$$anonfun$get$1.apply()Lscala/util/Either;+112
j  play.core.ReloadableApplication$$anonfun$get$1.apply()Ljava/lang/Object;+1
j  scala.concurrent.impl.Future$PromiseCompletingRunnable.liftedTree1$1()Lscala/util/Try;+8
j  scala.concurrent.impl.Future$PromiseCompletingRunnable.run()V+5
J  java.util.concurrent.ThreadPoolExecutor.runWorker(Ljava/util/concurrent/ThreadPoolExecutor$Worker;)V
j  java.util.concurrent.ThreadPoolExecutor$Worker.run()V+5
j  java.lang.Thread.run()V+11
v  ~StubRoutines::call_stub

---------------  P R O C E S S  ---------------

Java Threads: ( => current thread )
=>0x00007fb1c9289800 JavaThread "play-internal-execution-context-1" [_thread_in_native, id=1458, stack(0x00007fb1e91ae000,0x00007fb1e92af000)]
  0x00007fb2091dd800 JavaThread "New I/O server boss #5" [_thread_in_native, id=1455, stack(0x00007fb1e8fac000,0x00007fb1e90ad000)]
  0x00007fb20974f000 JavaThread "New I/O worker #4" [_thread_in_native, id=1454, stack(0x00007fb1ea0b3000,0x00007fb1ea1b4000)]
  0x00007fb20974e000 JavaThread "New I/O worker #3" [_thread_in_native, id=1453, stack(0x00007fb1e9fb2000,0x00007fb1ea0b3000)]
  0x00007fb209756800 JavaThread "New I/O worker #2" [_thread_in_native, id=1452, stack(0x00007fb1e960a000,0x00007fb1e970b000)]
  0x00007fb209755800 JavaThread "New I/O worker #1" [_thread_blocked, id=1451, stack(0x00007fb1e9eb1000,0x00007fb1e9fb2000)]
  0x00007fb1c9505000 JavaThread "Scala Presentation Compiler []" [_thread_blocked, id=1423, stack(0x00007fb1e9db0000,0x00007fb1e9eb1000)]
  0x00007fb208554000 JavaThread "process reaper" daemon [_thread_blocked, id=1391, stack(0x00007fb200118000,0x00007fb200140000)]
  0x00007fb1c9296800 JavaThread "play-akka.actor.default-dispatcher-5" [_thread_blocked, id=1175, stack(0x00007fb1e849a000,0x00007fb1e859b000)]
  0x00007fb1c87dc000 JavaThread "Scala Presentation Compiler []" [_thread_blocked, id=1136, stack(0x00007fb1e8197000,0x00007fb1e8298000)]
  0x00007fb1c8ebc000 JavaThread "play-internal-execution-context-2" [_thread_blocked, id=1047, stack(0x00007fb1e859b000,0x00007fb1e869c000)]
  0x00007fb1c8ea7800 JavaThread "Timer-0" [_thread_blocked, id=1046, stack(0x00007fb1e869c000,0x00007fb1e879d000)]
  0x00007fb1c8ea4800 JavaThread "iteratee-execution-context-2" [_thread_blocked, id=1045, stack(0x00007fb1e879d000,0x00007fb1e889e000)]
  0x00007fb1c8ea1000 JavaThread "iteratee-execution-context-1" [_thread_blocked, id=1044, stack(0x00007fb1e889e000,0x00007fb1e899f000)]
  0x00007fb1c8e8a800 JavaThread "play-scheduler-1" [_thread_blocked, id=1043, stack(0x00007fb1e899f000,0x00007fb1e8aa0000)]
  0x00007fb1c8c85000 JavaThread "play-internal-execution-context-1" [_thread_blocked, id=1019, stack(0x00007fb1e9509000,0x00007fb1e960a000)]
  0x00007fb208741000 JavaThread "INotify thread" daemon [_thread_in_native, id=914, stack(0x00007fb1e9a0c000,0x00007fb1e9b0d000)]
  0x00007fb1d047c800 JavaThread "Scala Presentation Compiler []" [_thread_blocked, id=877, stack(0x00007fb1e98da000,0x00007fb1e99db000)]
  0x00007fb208197000 JavaThread "Service Thread" daemon [_thread_blocked, id=839, stack(0x00007fb2002fe000,0x00007fb2003ff000)]
  0x00007fb208195000 JavaThread "C2 CompilerThread1" daemon [_thread_blocked, id=838, stack(0x00007fb2003ff000,0x00007fb200500000)]
  0x00007fb208192000 JavaThread "C2 CompilerThread0" daemon [_thread_blocked, id=837, stack(0x00007fb20c0f1000,0x00007fb20c1f2000)]
  0x00007fb20818f800 JavaThread "Signal Dispatcher" daemon [_thread_blocked, id=836, stack(0x00007fb20c1f2000,0x00007fb20c2f3000)]
  0x00007fb208135800 JavaThread "Finalizer" daemon [_thread_blocked, id=835, stack(0x00007fb20c2f3000,0x00007fb20c3f4000)]
  0x00007fb208133000 JavaThread "Reference Handler" daemon [_thread_blocked, id=834, stack(0x00007fb20c3f4000,0x00007fb20c4f5000)]
  0x00007fb208009800 JavaThread "main" [_thread_in_native, id=830, stack(0x00007fb210c37000,0x00007fb210d38000)]

Other Threads:
  0x00007fb20812a800 VMThread [stack: 0x00007fb20c4f5000,0x00007fb20c5f6000] [id=833]
  0x00007fb2081a1800 WatcherThread [stack: 0x00007fb2001fd000,0x00007fb2002fe000] [id=840]

VM state:not at safepoint (normal execution)

VM Mutex/Monitor currently owned by a thread: None

Heap
 PSYoungGen      total 426048K, used 47876K [0x00000000e0000000, 0x00000000ff490000, 0x0000000100000000)
  eden space 336896K, 14% used [0x00000000e0000000,0x00000000e2ec1230,0x00000000f4900000)
  from space 89152K, 0% used [0x00000000f9d80000,0x00000000f9d80000,0x00000000ff490000)
  to   space 86528K, 0% used [0x00000000f4900000,0x00000000f4900000,0x00000000f9d80000)
 ParOldGen       total 373312K, used 188545K [0x00000000a0000000, 0x00000000b6c90000, 0x00000000e0000000)
  object space 373312K, 50% used [0x00000000a0000000,0x00000000ab820568,0x00000000b6c90000)
 PSPermGen       total 285760K, used 145740K [0x0000000088000000, 0x0000000099710000, 0x00000000a0000000)
  object space 285760K, 51% used [0x0000000088000000,0x0000000090e53350,0x0000000099710000)

Card table byte_map: [0x00007fb20d5da000,0x00007fb20d99b000] byte_map_base: 0x00007fb20d19a000

Polling page: 0x00007fb210c36000

Code Cache  [0x00007fb205000000, 0x00007fb205ca0000, 0x00007fb208000000)
 total_blobs=5471 nmethods=5000 adapters=417 free_code_cache=36471Kb largest_free_block=37157632

Compilation events (10 events):
Event: 1401.041 Thread 0x00007fb208192000 5951             scala.collection.immutable.Set$class::seq (2 bytes)
Event: 1401.041 Thread 0x00007fb208192000 nmethod 5951 0x00007fb2058a1d90 code [0x00007fb2058a1ec0, 0x00007fb2058a1ef8]
Event: 1401.108 Thread 0x00007fb208195000 5952             java.util.AbstractCollection::isEmpty (13 bytes)
Event: 1401.110 Thread 0x00007fb208195000 nmethod 5952 0x00007fb205c8ecd0 code [0x00007fb205c8ee20, 0x00007fb205c8eeb8]
Event: 1401.124 Thread 0x00007fb208195000 5953   !         com.typesafe.config.impl.Tokenizer$TokenIterator::nextCharRaw (70 bytes)
Event: 1401.126 Thread 0x00007fb208195000 nmethod 5953 0x00007fb205a22a90 code [0x00007fb205a22c00, 0x00007fb205a22da8]
Event: 1401.126 Thread 0x00007fb208192000 5954             com.typesafe.config.impl.Tokenizer$TokenIterator::pullComment (77 bytes)
Event: 1401.139 Thread 0x00007fb208195000 5955             com.sun.org.apache.xerces.internal.impl.XMLDocumentScannerImpl::getFeatureDefault (40 bytes)
Event: 1401.141 Thread 0x00007fb208195000 nmethod 5955 0x00007fb205a22590 code [0x00007fb205a226e0, 0x00007fb205a22938]
Event: 1401.148 Thread 0x00007fb208192000 nmethod 5954 0x00007fb205a1ad10 code [0x00007fb205a1af60, 0x00007fb205a1b950]

GC Heap History (10 events):
Event: 1374.573 GC heap before
{Heap before GC invocations=13 (full 0):
 PSYoungGen      total 382144K, used 337558K [0x00000000e0000000, 0x00000000fe9c0000, 0x0000000100000000)
  eden space 302848K, 100% used [0x00000000e0000000,0x00000000f27c0000,0x00000000f27c0000)
  from space 79296K, 43% used [0x00000000f9c50000,0x00000000fbe35b50,0x00000000fe9c0000)
  to   space 99328K, 0% used [0x00000000f27c0000,0x00000000f27c0000,0x00000000f88c0000)
 ParOldGen       total 349568K, used 188359K [0x00000000a0000000, 0x00000000b5560000, 0x00000000e0000000)
  object space 349568K, 53% used [0x00000000a0000000,0x00000000ab7f1c20,0x00000000b5560000)
 PSPermGen       total 134336K, used 134226K [0x0000000088000000, 0x0000000090330000, 0x00000000a0000000)
  object space 134336K, 99% used [0x0000000088000000,0x0000000090314b60,0x0000000090330000)
Event: 1374.674 GC heap after
Heap after GC invocations=13 (full 0):
 PSYoungGen      total 328640K, used 36309K [0x00000000e0000000, 0x00000000fd950000, 0x0000000100000000)
  eden space 292288K, 0% used [0x00000000e0000000,0x00000000e0000000,0x00000000f1d70000)
  from space 36352K, 99% used [0x00000000f27c0000,0x00000000f4b357c0,0x00000000f4b40000)
  to   space 96192K, 0% used [0x00000000f7b60000,0x00000000f7b60000,0x00000000fd950000)
 ParOldGen       total 349568K, used 216619K [0x00000000a0000000, 0x00000000b5560000, 0x00000000e0000000)
  object space 349568K, 61% used [0x00000000a0000000,0x00000000ad38af40,0x00000000b5560000)
 PSPermGen       total 134336K, used 134226K [0x0000000088000000, 0x0000000090330000, 0x00000000a0000000)
  object space 134336K, 99% used [0x0000000088000000,0x0000000090314b60,0x0000000090330000)
}
Event: 1376.688 GC heap before
{Heap before GC invocations=14 (full 0):
 PSYoungGen      total 328640K, used 328597K [0x00000000e0000000, 0x00000000fd950000, 0x0000000100000000)
  eden space 292288K, 100% used [0x00000000e0000000,0x00000000f1d70000,0x00000000f1d70000)
  from space 36352K, 99% used [0x00000000f27c0000,0x00000000f4b357c0,0x00000000f4b40000)
  to   space 96192K, 0% used [0x00000000f7b60000,0x00000000f7b60000,0x00000000fd950000)
 ParOldGen       total 349568K, used 216619K [0x00000000a0000000, 0x00000000b5560000, 0x00000000e0000000)
  object space 349568K, 61% used [0x00000000a0000000,0x00000000ad38af40,0x00000000b5560000)
 PSPermGen       total 135680K, used 135660K [0x0000000088000000, 0x0000000090480000, 0x00000000a0000000)
  object space 135680K, 99% used [0x0000000088000000,0x000000009047b248,0x0000000090480000)
Event: 1376.777 GC heap after
Heap after GC invocations=14 (full 0):
 PSYoungGen      total 389952K, used 26197K [0x00000000e0000000, 0x0000000100000000, 0x0000000100000000)
  eden space 293760K, 0% used [0x00000000e0000000,0x00000000e0000000,0x00000000f1ee0000)
  from space 96192K, 27% used [0x00000000f7b60000,0x00000000f94f56e8,0x00000000fd950000)
  to   space 94720K, 0% used [0x00000000f1ee0000,0x00000000f1ee0000,0x00000000f7b60000)
 ParOldGen       total 349568K, used 245500K [0x00000000a0000000, 0x00000000b5560000, 0x00000000e0000000)
  object space 349568K, 70% used [0x00000000a0000000,0x00000000aefbf1e0,0x00000000b5560000)
 PSPermGen       total 135680K, used 135660K [0x0000000088000000, 0x0000000090480000, 0x00000000a0000000)
  object space 135680K, 99% used [0x0000000088000000,0x000000009047b248,0x0000000090480000)
}
Event: 1377.502 GC heap before
{Heap before GC invocations=15 (full 0):
 PSYoungGen      total 389952K, used 319957K [0x00000000e0000000, 0x0000000100000000, 0x0000000100000000)
  eden space 293760K, 100% used [0x00000000e0000000,0x00000000f1ee0000,0x00000000f1ee0000)
  from space 96192K, 27% used [0x00000000f7b60000,0x00000000f94f56e8,0x00000000fd950000)
  to   space 94720K, 0% used [0x00000000f1ee0000,0x00000000f1ee0000,0x00000000f7b60000)
 ParOldGen       total 349568K, used 245500K [0x00000000a0000000, 0x00000000b5560000, 0x00000000e0000000)
  object space 349568K, 70% used [0x00000000a0000000,0x00000000aefbf1e0,0x00000000b5560000)
 PSPermGen       total 135872K, used 135849K [0x0000000088000000, 0x00000000904b0000, 0x00000000a0000000)
  object space 135872K, 99% used [0x0000000088000000,0x00000000904aa718,0x00000000904b0000)
Event: 1377.592 GC heap after
Heap after GC invocations=15 (full 0):
 PSYoungGen      total 388480K, used 43214K [0x00000000e0000000, 0x00000000ff570000, 0x0000000100000000)
  eden space 293760K, 0% used [0x00000000e0000000,0x00000000e0000000,0x00000000f1ee0000)
  from space 94720K, 45% used [0x00000000f1ee0000,0x00000000f4913ba8,0x00000000f7b60000)
  to   space 90048K, 0% used [0x00000000f9d80000,0x00000000f9d80000,0x00000000ff570000)
 ParOldGen       total 349568K, used 266226K [0x00000000a0000000, 0x00000000b5560000, 0x00000000e0000000)
  object space 349568K, 76% used [0x00000000a0000000,0x00000000b03fcb48,0x00000000b5560000)
 PSPermGen       total 135872K, used 135849K [0x0000000088000000, 0x00000000904b0000, 0x00000000a0000000)
  object space 135872K, 99% used [0x0000000088000000,0x00000000904aa718,0x00000000904b0000)
}
Event: 1396.700 GC heap before
{Heap before GC invocations=16 (full 0):
 PSYoungGen      total 388480K, used 336974K [0x00000000e0000000, 0x00000000ff570000, 0x0000000100000000)
  eden space 293760K, 100% used [0x00000000e0000000,0x00000000f1ee0000,0x00000000f1ee0000)
  from space 94720K, 45% used [0x00000000f1ee0000,0x00000000f4913ba8,0x00000000f7b60000)
  to   space 90048K, 0% used [0x00000000f9d80000,0x00000000f9d80000,0x00000000ff570000)
 ParOldGen       total 349568K, used 266226K [0x00000000a0000000, 0x00000000b5560000, 0x00000000e0000000)
  object space 349568K, 76% used [0x00000000a0000000,0x00000000b03fcb48,0x00000000b5560000)
 PSPermGen       total 143744K, used 143719K [0x0000000088000000, 0x0000000090c60000, 0x00000000a0000000)
  object space 143744K, 99% used [0x0000000088000000,0x0000000090c59fa8,0x0000000090c60000)
Event: 1396.831 GC heap after
Heap after GC invocations=16 (full 0):
 PSYoungGen      total 426048K, used 47497K [0x00000000e0000000, 0x00000000ff490000, 0x0000000100000000)
  eden space 336896K, 0% used [0x00000000e0000000,0x00000000e0000000,0x00000000f4900000)
  from space 89152K, 53% used [0x00000000f9d80000,0x00000000fcbe2488,0x00000000ff490000)
  to   space 86528K, 0% used [0x00000000f4900000,0x00000000f4900000,0x00000000f9d80000)
 ParOldGen       total 349568K, used 308963K [0x00000000a0000000, 0x00000000b5560000, 0x00000000e0000000)
  object space 349568K, 88% used [0x00000000a0000000,0x00000000b2db8da8,0x00000000b5560000)
 PSPermGen       total 143744K, used 143719K [0x0000000088000000, 0x0000000090c60000, 0x00000000a0000000)
  object space 143744K, 99% used [0x0000000088000000,0x0000000090c59fa8,0x0000000090c60000)
}
Event: 1396.831 GC heap before
{Heap before GC invocations=17 (full 1):
 PSYoungGen      total 426048K, used 47497K [0x00000000e0000000, 0x00000000ff490000, 0x0000000100000000)
  eden space 336896K, 0% used [0x00000000e0000000,0x00000000e0000000,0x00000000f4900000)
  from space 89152K, 53% used [0x00000000f9d80000,0x00000000fcbe2488,0x00000000ff490000)
  to   space 86528K, 0% used [0x00000000f4900000,0x00000000f4900000,0x00000000f9d80000)
 ParOldGen       total 349568K, used 308963K [0x00000000a0000000, 0x00000000b5560000, 0x00000000e0000000)
  object space 349568K, 88% used [0x00000000a0000000,0x00000000b2db8da8,0x00000000b5560000)
 PSPermGen       total 143744K, used 143719K [0x0000000088000000, 0x0000000090c60000, 0x00000000a0000000)
  object space 143744K, 99% used [0x0000000088000000,0x0000000090c59fa8,0x0000000090c60000)
Event: 1398.361 GC heap after
Heap after GC invocations=17 (full 1):
 PSYoungGen      total 426048K, used 0K [0x00000000e0000000, 0x00000000ff490000, 0x0000000100000000)
  eden space 336896K, 0% used [0x00000000e0000000,0x00000000e0000000,0x00000000f4900000)
  from space 89152K, 0% used [0x00000000f9d80000,0x00000000f9d80000,0x00000000ff490000)
  to   space 86528K, 0% used [0x00000000f4900000,0x00000000f4900000,0x00000000f9d80000)
 ParOldGen       total 373312K, used 188545K [0x00000000a0000000, 0x00000000b6c90000, 0x00000000e0000000)
  object space 373312K, 50% used [0x00000000a0000000,0x00000000ab820568,0x00000000b6c90000)
 PSPermGen       total 285760K, used 142034K [0x0000000088000000, 0x0000000099710000, 0x00000000a0000000)
  object space 285760K, 49% used [0x0000000088000000,0x0000000090ab4a88,0x0000000099710000)
}

Deoptimization events (10 events):
Event: 1383.571 Thread 0x00007fb209b1e800 Uncommon trap -34 fr.pc 0x00007fb2050fbac8
Event: 1383.571 Thread 0x00007fb209b1e800 Uncommon trap -34 fr.pc 0x00007fb2050fbac8
Event: 1383.571 Thread 0x00007fb209b1e800 Uncommon trap -34 fr.pc 0x00007fb2050fbac8
Event: 1383.571 Thread 0x00007fb209b1e800 Uncommon trap -34 fr.pc 0x00007fb20514ba34
Event: 1383.571 Thread 0x00007fb209b1e800 Uncommon trap -34 fr.pc 0x00007fb20514ba34
Event: 1383.572 Thread 0x00007fb209b1e800 Uncommon trap -34 fr.pc 0x00007fb20514ba34
Event: 1383.572 Thread 0x00007fb209b1e800 Uncommon trap -34 fr.pc 0x00007fb20514ba34
Event: 1383.572 Thread 0x00007fb209b1e800 Uncommon trap -34 fr.pc 0x00007fb20514d2b4
Event: 1398.363 Thread 0x00007fb208135800 Uncommon trap -58 fr.pc 0x00007fb205212770
Event: 1398.408 Thread 0x00007fb209755800 Uncommon trap -83 fr.pc 0x00007fb20572c26c

Internal exceptions (10 events):
Event: 1401.178 Thread 0x00007fb1c9289800 Threw 0x00000000e2e3b7e0 at /build/buildd/openjdk-7-7u25-2.3.10/build/openjdk/hotspot/src/share/vm/prims/jvm.cpp:1235
Event: 1401.178 Thread 0x00007fb1c9289800 Threw 0x00000000e2e3ed78 at /build/buildd/openjdk-7-7u25-2.3.10/build/openjdk/hotspot/src/share/vm/prims/jvm.cpp:1235
Event: 1401.179 Thread 0x00007fb1c9289800 Threw 0x00000000e2e42738 at /build/buildd/openjdk-7-7u25-2.3.10/build/openjdk/hotspot/src/share/vm/prims/jvm.cpp:1235
Event: 1401.179 Thread 0x00007fb1c9289800 Threw 0x00000000e2e45230 at /build/buildd/openjdk-7-7u25-2.3.10/build/openjdk/hotspot/src/share/vm/prims/jvm.cpp:1235
Event: 1401.179 Thread 0x00007fb1c9289800 Threw 0x00000000e2e47830 at /build/buildd/openjdk-7-7u25-2.3.10/build/openjdk/hotspot/src/share/vm/prims/jvm.cpp:1235
Event: 1401.180 Thread 0x00007fb1c9289800 Threw 0x00000000e2e4ab70 at /build/buildd/openjdk-7-7u25-2.3.10/build/openjdk/hotspot/src/share/vm/prims/jvm.cpp:1235
Event: 1401.180 Thread 0x00007fb1c9289800 Threw 0x00000000e2e4d870 at /build/buildd/openjdk-7-7u25-2.3.10/build/openjdk/hotspot/src/share/vm/prims/jvm.cpp:1235
Event: 1401.180 Thread 0x00007fb1c9289800 Threw 0x00000000e2e50258 at /build/buildd/openjdk-7-7u25-2.3.10/build/openjdk/hotspot/src/share/vm/prims/jvm.cpp:1235
Event: 1401.180 Thread 0x00007fb1c9289800 Threw 0x00000000e2e52ea0 at /build/buildd/openjdk-7-7u25-2.3.10/build/openjdk/hotspot/src/share/vm/prims/jvm.cpp:1235
Event: 1401.182 Thread 0x00007fb1c9289800 Threw 0x00000000e2e56658 at /build/buildd/openjdk-7-7u25-2.3.10/build/openjdk/hotspot/src/share/vm/prims/jvm.cpp:1235

Events (10 events):
Event: 1401.180 loading class 0x00007fb1c8aca8e0
Event: 1401.180 loading class 0x00007fb1c8aca8e0 done
Event: 1401.180 loading class 0x00007fb208257540
Event: 1401.180 loading class 0x00007fb208257540 done
Event: 1401.180 loading class 0x00007fb2082574f0
Event: 1401.180 loading class 0x00007fb2082574f0 done
Event: 1401.180 loading class 0x00007fb1c8aca940
Event: 1401.180 loading class 0x00007fb1c8aca940 done
Event: 1401.182 loading class 0x00007fb2086163f0
Event: 1401.182 loading class 0x00007fb2086163f0 done


Dynamic libraries:
00400000-00401000 r-xp 00000000 08:05 923562                             /usr/lib/jvm/java-7-openjdk-amd64/jre/bin/java
00600000-00601000 r--p 00000000 08:05 923562                             /usr/lib/jvm/java-7-openjdk-amd64/jre/bin/java
00601000-00602000 rw-p 00001000 08:05 923562                             /usr/lib/jvm/java-7-openjdk-amd64/jre/bin/java
00ddf000-00e00000 rw-p 00000000 00:00 0                                  [heap]
88000000-99710000 rw-p 00000000 00:00 0 
99710000-a0000000 rw-p 00000000 00:00 0 
a0000000-b6c90000 rw-p 00000000 00:00 0 
b6c90000-e0000000 rw-p 00000000 00:00 0 
e0000000-ff490000 rw-p 00000000 00:00 0 
ff490000-100000000 ---p 00000000 00:00 0 
7fb1c4000000-7fb1c46bb000 rw-p 00000000 00:00 0 
7fb1c46bb000-7fb1c8000000 ---p 00000000 00:00 0 
7fb1c8000000-7fb1c9b25000 rw-p 00000000 00:00 0 
7fb1c9b25000-7fb1cc000000 ---p 00000000 00:00 0 
7fb1cc000000-7fb1cc021000 rw-p 00000000 00:00 0 
7fb1cc021000-7fb1d0000000 ---p 00000000 00:00 0 
7fb1d0000000-7fb1d05c7000 rw-p 00000000 00:00 0 
7fb1d05c7000-7fb1d4000000 ---p 00000000 00:00 0 
7fb1d4000000-7fb1d4021000 rw-p 00000000 00:00 0 
7fb1d4021000-7fb1d8000000 ---p 00000000 00:00 0 
7fb1d8000000-7fb1d8021000 rw-p 00000000 00:00 0 
7fb1d8021000-7fb1dc000000 ---p 00000000 00:00 0 
7fb1dc000000-7fb1de4f6000 rw-p 00000000 00:00 0 
7fb1de4f6000-7fb1e0000000 ---p 00000000 00:00 0 
7fb1e0000000-7fb1e1f97000 rw-p 00000000 00:00 0 
7fb1e1f97000-7fb1e4000000 ---p 00000000 00:00 0 
7fb1e4000000-7fb1e4021000 rw-p 00000000 00:00 0 
7fb1e4021000-7fb1e8000000 ---p 00000000 00:00 0 
7fb1e8194000-7fb1e8197000 r--s 0001c000 08:07 5775148                    /home/andrea/play-2.1.3/repository/local/mongo-views-plugin/mongo-views-plugin_2.10/1.0-SNAPSHOT/jars/mongo-views-plugin_2.10.jar
7fb1e8197000-7fb1e819a000 ---p 00000000 00:00 0 
7fb1e819a000-7fb1e8298000 rw-p 00000000 00:00 0                          [stack:1136]
7fb1e8298000-7fb1e829b000 ---p 00000000 00:00 0 
7fb1e829b000-7fb1e8399000 rw-p 00000000 00:00 0 
7fb1e8399000-7fb1e839c000 ---p 00000000 00:00 0 
7fb1e839c000-7fb1e849a000 rw-p 00000000 00:00 0 
7fb1e849a000-7fb1e849d000 ---p 00000000 00:00 0 
7fb1e849d000-7fb1e859b000 rw-p 00000000 00:00 0                          [stack:1175]
7fb1e859b000-7fb1e859e000 ---p 00000000 00:00 0 
7fb1e859e000-7fb1e869c000 rw-p 00000000 00:00 0                          [stack:1047]
7fb1e869c000-7fb1e869f000 ---p 00000000 00:00 0 
7fb1e869f000-7fb1e879d000 rw-p 00000000 00:00 0                          [stack:1046]
7fb1e879d000-7fb1e87a0000 ---p 00000000 00:00 0 
7fb1e87a0000-7fb1e889e000 rw-p 00000000 00:00 0                          [stack:1045]
7fb1e889e000-7fb1e88a1000 ---p 00000000 00:00 0 
7fb1e88a1000-7fb1e899f000 rw-p 00000000 00:00 0                          [stack:1044]
7fb1e899f000-7fb1e89a2000 ---p 00000000 00:00 0 
7fb1e89a2000-7fb1e8aa0000 rw-p 00000000 00:00 0                          [stack:1043]
7fb1e8aa0000-7fb1e8aa3000 ---p 00000000 00:00 0 
7fb1e8aa3000-7fb1e8ba1000 rw-p 00000000 00:00 0 
7fb1e8ba1000-7fb1e8ba9000 r-xp 00000000 08:05 922874                     /usr/lib/jvm/java-7-openjdk-amd64/jre/lib/amd64/libmanagement.so
7fb1e8ba9000-7fb1e8da8000 ---p 00008000 08:05 922874                     /usr/lib/jvm/java-7-openjdk-amd64/jre/lib/amd64/libmanagement.so
7fb1e8da8000-7fb1e8da9000 r--p 00007000 08:05 922874                     /usr/lib/jvm/java-7-openjdk-amd64/jre/lib/amd64/libmanagement.so
7fb1e8da9000-7fb1e8daa000 rw-p 00008000 08:05 922874                     /usr/lib/jvm/java-7-openjdk-amd64/jre/lib/amd64/libmanagement.so
7fb1e8daa000-7fb1e8dad000 ---p 00000000 00:00 0 
7fb1e8dad000-7fb1e8eab000 rw-p 00000000 00:00 0 
7fb1e8eab000-7fb1e8eae000 ---p 00000000 00:00 0 
7fb1e8eae000-7fb1e8fac000 rw-p 00000000 00:00 0 
7fb1e8fac000-7fb1e8faf000 ---p 00000000 00:00 0 
7fb1e8faf000-7fb1e90ad000 rw-p 00000000 00:00 0                          [stack:1455]
7fb1e90ad000-7fb1e90b0000 ---p 00000000 00:00 0 
7fb1e90b0000-7fb1e91ae000 rw-p 00000000 00:00 0 
7fb1e91ae000-7fb1e91b1000 ---p 00000000 00:00 0 
7fb1e91b1000-7fb1e92af000 rw-p 00000000 00:00 0                          [stack:1458]
7fb1e92af000-7fb1e92b2000 r--s 0001c000 08:07 5775148                    /home/andrea/play-2.1.3/repository/local/mongo-views-plugin/mongo-views-plugin_2.10/1.0-SNAPSHOT/jars/mongo-views-plugin_2.10.jar
7fb1e92b2000-7fb1e92b4000 r-xp 00000000 08:07 5775854                    /home/andrea/workspace/mongo-views-examples/target/native_libraries/64bits/libjnotify.so (deleted)
7fb1e92b4000-7fb1e94b3000 ---p 00002000 08:07 5775854                    /home/andrea/workspace/mongo-views-examples/target/native_libraries/64bits/libjnotify.so (deleted)
7fb1e94b3000-7fb1e94b4000 r--p 00001000 08:07 5775854                    /home/andrea/workspace/mongo-views-examples/target/native_libraries/64bits/libjnotify.so (deleted)
7fb1e94b4000-7fb1e94b5000 rw-p 00002000 08:07 5775854                    /home/andrea/workspace/mongo-views-examples/target/native_libraries/64bits/libjnotify.so (deleted)
7fb1e94b5000-7fb1e94b8000 r--s 00011000 08:07 4853054                    /home/andrea/play-2.1.3/repository/cache/org.mongodb/casbah-gridfs_2.10/jars/casbah-gridfs_2.10-2.6.2.jar
7fb1e94b8000-7fb1e94ba000 r--s 00006000 08:07 4853065                    /home/andrea/play-2.1.3/repository/cache/com.thoughtworks.paranamer/paranamer/jars/paranamer-2.5.2.jar
7fb1e94ba000-7fb1e94bd000 r--s 00013000 08:07 4853064                    /home/andrea/play-2.1.3/repository/cache/org.json4s/json4s-ast_2.10/jars/json4s-ast_2.10-3.1.0.jar
7fb1e94bd000-7fb1e94c6000 r--s 00068000 08:07 4853063                    /home/andrea/play-2.1.3/repository/cache/org.json4s/json4s-core_2.10/jars/json4s-core_2.10-3.1.0.jar
7fb1e94c6000-7fb1e94c8000 r--s 0000e000 08:07 4853058                    /home/andrea/play-2.1.3/repository/cache/org.json4s/json4s-native_2.10/jars/json4s-native_2.10-3.1.0.jar
7fb1e94c8000-7fb1e94ce000 r--s 00032000 08:07 4853060                    /home/andrea/play-2.1.3/repository/cache/org.mongodb/casbah-query_2.10/jars/casbah-query_2.10-2.6.2.jar
7fb1e94ce000-7fb1e94d6000 r--s 0005f000 08:07 4853062                    /home/andrea/play-2.1.3/repository/cache/org.mongodb/mongo-java-driver/jars/mongo-java-driver-2.11.2.jar
7fb1e94d6000-7fb1e94d9000 r--s 0001a000 08:07 4853061                    /home/andrea/play-2.1.3/repository/cache/com.github.nscala-time/nscala-time_2.10/jars/nscala-time_2.10-0.2.0.jar
7fb1e94d9000-7fb1e94de000 r--s 00022000 08:07 4853059                    /home/andrea/play-2.1.3/repository/cache/org.mongodb/casbah-commons_2.10/jars/casbah-commons_2.10-2.6.2.jar
7fb1e94de000-7fb1e94e2000 r--s 00036000 08:07 4853057                    /home/andrea/play-2.1.3/repository/cache/org.mongodb/casbah-core_2.10/jars/casbah-core_2.10-2.6.2.jar
7fb1e94e2000-7fb1e94ef000 r--s 00099000 08:07 4853056                    /home/andrea/play-2.1.3/repository/cache/com.novus/salat-core_2.10/jars/salat-core_2.10-1.9.2.jar
7fb1e94ef000-7fb1e9502000 r--s 000be000 08:07 5654665                    /home/andrea/play-2.1.3/repository/cache/org.scala-lang/scalap/jars/scalap-2.10.2.jar
7fb1e9502000-7fb1e9506000 r--s 00020000 08:07 4853055                    /home/andrea/play-2.1.3/repository/cache/com.novus/salat-util_2.10/jars/salat-util_2.10-1.9.2.jar
7fb1e9506000-7fb1e9509000 r--s 00012000 08:07 4853053                    /home/andrea/play-2.1.3/repository/cache/se.radley/play-plugins-salat_2.10/jars/play-plugins-salat_2.10-1.3.0.jar
7fb1e9509000-7fb1e950c000 ---p 00000000 00:00 0 
7fb1e950c000-7fb1e960a000 rw-p 00000000 00:00 0                          [stack:1019]
7fb1e960a000-7fb1e960d000 ---p 00000000 00:00 0 
7fb1e960d000-7fb1e970b000 rw-p 00000000 00:00 0                          [stack:1452]
7fb1e970b000-7fb1e970e000 r--s 00011000 08:07 4853054                    /home/andrea/play-2.1.3/repository/cache/org.mongodb/casbah-gridfs_2.10/jars/casbah-gridfs_2.10-2.6.2.jar
7fb1e970e000-7fb1e9710000 r--s 00006000 08:07 4853065                    /home/andrea/play-2.1.3/repository/cache/com.thoughtworks.paranamer/paranamer/jars/paranamer-2.5.2.jar
7fb1e9710000-7fb1e9713000 r--s 00013000 08:07 4853064                    /home/andrea/play-2.1.3/repository/cache/org.json4s/json4s-ast_2.10/jars/json4s-ast_2.10-3.1.0.jar
7fb1e9713000-7fb1e971c000 r--s 00068000 08:07 4853063                    /home/andrea/play-2.1.3/repository/cache/org.json4s/json4s-core_2.10/jars/json4s-core_2.10-3.1.0.jar
7fb1e971c000-7fb1e971e000 r--s 0000e000 08:07 4853058                    /home/andrea/play-2.1.3/repository/cache/org.json4s/json4s-native_2.10/jars/json4s-native_2.10-3.1.0.jar
7fb1e971e000-7fb1e9724000 r--s 00032000 08:07 4853060                    /home/andrea/play-2.1.3/repository/cache/org.mongodb/casbah-query_2.10/jars/casbah-query_2.10-2.6.2.jar
7fb1e9724000-7fb1e972c000 r--s 0005f000 08:07 4853062                    /home/andrea/play-2.1.3/repository/cache/org.mongodb/mongo-java-driver/jars/mongo-java-driver-2.11.2.jar
7fb1e972c000-7fb1e972f000 r--s 0001a000 08:07 4853061                    /home/andrea/play-2.1.3/repository/cache/com.github.nscala-time/nscala-time_2.10/jars/nscala-time_2.10-0.2.0.jar
7fb1e972f000-7fb1e9734000 r--s 00022000 08:07 4853059                    /home/andrea/play-2.1.3/repository/cache/org.mongodb/casbah-commons_2.10/jars/casbah-commons_2.10-2.6.2.jar
7fb1e9734000-7fb1e9738000 r--s 00036000 08:07 4853057                    /home/andrea/play-2.1.3/repository/cache/org.mongodb/casbah-core_2.10/jars/casbah-core_2.10-2.6.2.jar
7fb1e9738000-7fb1e9745000 r--s 00099000 08:07 4853056                    /home/andrea/play-2.1.3/repository/cache/com.novus/salat-core_2.10/jars/salat-core_2.10-1.9.2.jar
7fb1e9745000-7fb1e9758000 r--s 000be000 08:07 5654665                    /home/andrea/play-2.1.3/repository/cache/org.scala-lang/scalap/jars/scalap-2.10.2.jar
7fb1e9758000-7fb1e975c000 r--s 00020000 08:07 4853055                    /home/andrea/play-2.1.3/repository/cache/com.novus/salat-util_2.10/jars/salat-util_2.10-1.9.2.jar
7fb1e975c000-7fb1e975f000 r--s 00012000 08:07 4853053                    /home/andrea/play-2.1.3/repository/cache/se.radley/play-plugins-salat_2.10/jars/play-plugins-salat_2.10-1.3.0.jar
7fb1e975f000-7fb1e9762000 r--s 0001f000 08:07 5775148                    /home/andrea/play-2.1.3/repository/local/mongo-views-plugin/mongo-views-plugin_2.10/1.0-SNAPSHOT/jars/mongo-views-plugin_2.10.jar
7fb1e9762000-7fb1e9795000 r--s 002ce000 08:07 5516929                    /home/andrea/play-2.1.3/repository/local/org.scala-lang/scala-reflect/2.10.0/jars/scala-reflect.jar
7fb1e9795000-7fb1e9796000 r--s 00003000 08:07 5387170                    /home/andrea/play-2.1.3/repository/local/javax.transaction/jta/1.1/jars/jta.jar
7fb1e9796000-7fb1e97b1000 r--s 0012b000 08:07 5387865                    /home/andrea/play-2.1.3/repository/local/net.sf.ehcache/ehcache-core/2.6.0/jars/ehcache-core.jar
7fb1e97b1000-7fb1e97c0000 r--s 000b0000 08:07 5516687                    /home/andrea/play-2.1.3/repository/local/org.codehaus.jackson/jackson-mapper-asl/1.9.10/jars/jackson-mapper-asl.jar
7fb1e97c0000-7fb1e97c4000 r--s 00035000 08:07 5387964                    /home/andrea/play-2.1.3/repository/local/org.codehaus.jackson/jackson-core-asl/1.9.10/jars/jackson-core-asl.jar
7fb1e97c4000-7fb1e97cc000 r--s 00040000 08:07 5515483                    /home/andrea/play-2.1.3/repository/local/org.apache.httpcomponents/httpclient/4.0.1/jars/httpclient.jar
7fb1e97cc000-7fb1e97d1000 r--s 00026000 08:07 5516324                    /home/andrea/play-2.1.3/repository/local/org.apache.httpcomponents/httpcore/4.0.1/jars/httpcore.jar
7fb1e97d1000-7fb1e97d2000 r--s 00001000 08:07 5387901                    /home/andrea/play-2.1.3/repository/local/oauth.signpost/signpost-commonshttp4/1.2.1.2/jars/signpost-commonshttp4.jar
7fb1e97d2000-7fb1e97d4000 r--s 0000a000 08:07 5259790                    /home/andrea/play-2.1.3/repository/local/commons-codec/commons-codec/1.3/jars/commons-codec.jar
7fb1e97d4000-7fb1e97d7000 r--s 00009000 08:07 5387907                    /home/andrea/play-2.1.3/repository/local/oauth.signpost/signpost-core/1.2.1.2/jars/signpost-core.jar
7fb1e97d7000-7fb1e97e0000 r--s 0006c000 08:07 5259469                    /home/andrea/play-2.1.3/repository/local/com.ning/async-http-client/1.7.6/jars/async-http-client.jar
7fb1e97e0000-7fb1e97e6000 r--s 00048000 08:07 5387937                    /home/andrea/play-2.1.3/repository/local/org.apache.commons/commons-lang3/3.1/jars/commons-lang3.jar
7fb1e97e6000-7fb1e97e8000 r--s 00008000 08:07 5516783                    /home/andrea/play-2.1.3/repository/local/org.joda/joda-convert/1.2/jars/joda-convert.jar
7fb1e97e8000-7fb1e97f8000 r--s 0007c000 08:07 5387715                    /home/andrea/play-2.1.3/repository/local/joda-time/joda-time/2.1/jars/joda-time.jar
7fb1e97f8000-7fb1e97fa000 r--s 00005000 08:07 5517303                    /home/andrea/play-2.1.3/repository/local/org.slf4j/slf4j-api/1.7.2/jars/slf4j-api.jar
7fb1e97fa000-7fb1e97fc000 r--s 00002000 08:07 5259699                    /home/andrea/play-2.1.3/repository/local/com.typesafe.akka/akka-slf4j_2.10/2.1.0/bundles/akka-slf4j_2.10.jar
7fb1e97fc000-7fb1e9819000 r--s 001b2000 08:07 5259674                    /home/andrea/play-2.1.3/repository/local/com.typesafe.akka/akka-actor_2.10/2.1.0/bundles/akka-actor_2.10.jar
7fb1e9819000-7fb1e981f000 r--s 00038000 08:07 5258292                    /home/andrea/play-2.1.3/repository/local/ch.qos.logback/logback-classic/1.0.7/jars/logback-classic.jar
7fb1e981f000-7fb1e9827000 r--s 00051000 08:07 5258306                    /home/andrea/play-2.1.3/repository/local/ch.qos.logback/logback-core/1.0.7/jars/logback-core.jar
7fb1e9827000-7fb1e9829000 r--s 00003000 08:07 5517281                    /home/andrea/play-2.1.3/repository/local/org.slf4j/jcl-over-slf4j/1.6.6/jars/jcl-over-slf4j.jar
7fb1e9829000-7fb1e982a000 r--s 00001000 08:07 5517287                    /home/andrea/play-2.1.3/repository/local/org.slf4j/jul-to-slf4j/1.6.6/jars/jul-to-slf4j.jar
7fb1e982a000-7fb1e982b000 r--s 00001000 08:07 5259711                    /home/andrea/play-2.1.3/repository/local/com.typesafe.netty/netty-http-pipelining/1.1.1/jars/netty-http-pipelining.jar
7fb1e982b000-7fb1e9843000 r--s 0010e000 08:07 5385972                    /home/andrea/play-2.1.3/repository/local/io.netty/netty/3.6.3.Final/bundles/netty.jar
7fb1e9843000-7fb1e984b000 r--s 0008d000 08:07 5517181                    /home/andrea/play-2.1.3/repository/local/org.scala-stm/scala-stm_2.10.0/0.6/jars/scala-stm_2.10.0.jar
7fb1e984b000-7fb1e985a000 r--s 0008e000 08:07 5517504                    /home/andrea/play-2.1.3/repository/local/play/play-iteratees_2.10/2.1.3/jars/play-iteratees_2.10.jar
7fb1e985a000-7fb1e985d000 r--s 00010000 08:07 5259451                    /home/andrea/play-2.1.3/repository/local/com.jsuereth/scala-arm_2.10/1.3/jars/scala-arm_2.10.jar
7fb1e985d000-7fb1e9872000 r--s 00128000 08:07 5258348                    /home/andrea/play-2.1.3/repository/local/com.github.scala-incubator.io/scala-io-core_2.10/0.4.2/jars/scala-io-core_2.10.jar
7fb1e9872000-7fb1e987a000 r--s 00063000 08:07 5258448                    /home/andrea/play-2.1.3/repository/local/com.github.scala-incubator.io/scala-io-file_2.10/0.4.2/jars/scala-io-file_2.10.jar
7fb1e987a000-7fb1e987c000 r--s 00008000 08:07 5649981                    /home/andrea/play-2.1.3/repository/local/play/templates_2.10/2.1.3/jars/templates_2.10.jar
7fb1e987c000-7fb1e98d6000 r--s 00422000 08:07 5517611                    /home/andrea/play-2.1.3/repository/local/play/play_2.10/2.1.3/jars/play_2.10.jar
7fb1e98d6000-7fb1e98da000 r--s 0002a000 08:07 5650382                    /home/andrea/play-2.1.3/framework/sbt/boot/scala-2.9.2/org.scala-sbt/sbt/0.12.2/compiler-interface-bin_2.10.0/compiler-interface-bin-0.12.2.jar
7fb1e98da000-7fb1e98dd000 ---p 00000000 00:00 0 
7fb1e98dd000-7fb1e99db000 rw-p 00000000 00:00 0                          [stack:877]
7fb1e99db000-7fb1e99de000 r--s 0003c000 08:05 1047017                    /usr/lib/jvm/java-7-openjdk-common/jre/lib/ext/sunpkcs11.jar
7fb1e99de000-7fb1e99e2000 r--s 00085000 08:05 1046719                    /usr/lib/jvm/java-7-openjdk-common/jre/lib/ext/localedata.jar
7fb1e99e2000-7fb1e99e3000 r--s 00002000 08:05 1046713                    /usr/lib/jvm/java-7-openjdk-common/jre/lib/ext/dnsns.jar
7fb1e99e3000-7fb1e99e5000 r--s 00012000 08:05 1046726                    /usr/lib/jvm/java-7-openjdk-common/jre/lib/ext/zipfs.jar
7fb1e99e5000-7fb1e99e8000 r--s 0000f000 08:05 1046717                    /usr/lib/jvm/java-7-openjdk-common/jre/lib/ext/pulse-java.jar
7fb1e99e8000-7fb1e99eb000 r--s 00032000 08:05 1046902                    /usr/lib/jvm/java-7-openjdk-common/jre/lib/ext/sunjce_provider.jar
7fb1e99eb000-7fb1e99f8000 r--s 00107000 08:05 1053091                    /usr/lib/jvm/java-7-openjdk-common/jre/lib/rhino.jar
7fb1e99f8000-7fb1e9a03000 r--s 001fb000 08:05 1052540                    /usr/lib/jvm/java-7-openjdk-common/jre/lib/charsets.jar
7fb1e9a03000-7fb1e9a0c000 r--s 000bc000 08:05 1067256                    /usr/lib/jvm/java-7-openjdk-common/jre/lib/resources.jar
7fb1e9a0c000-7fb1e9a0f000 ---p 00000000 00:00 0 
7fb1e9a0f000-7fb1e9b0d000 rw-p 00000000 00:00 0                          [stack:914]
7fb1e9b0d000-7fb1e9b40000 r--s 002ce000 08:07 5650553                    /home/andrea/play-2.1.3/framework/sbt/boot/scala-2.10.0/lib/scala-reflect.jar
7fb1e9b40000-7fb1e9b44000 r--s 00025000 08:07 5650554                    /home/andrea/play-2.1.3/framework/sbt/boot/scala-2.10.0/lib/jline.jar
7fb1e9b44000-7fb1e9b47000 r--s 00018000 08:07 5650557                    /home/andrea/play-2.1.3/framework/sbt/boot/scala-2.10.0/lib/jansi.jar
7fb1e9b47000-7fb1e9bb8000 r--s 00658000 08:07 5650556                    /home/andrea/play-2.1.3/framework/sbt/boot/scala-2.10.0/lib/scala-library.jar
7fb1e9bb8000-7fb1e9cab000 r--s 00c8c000 08:07 5650555                    /home/andrea/play-2.1.3/framework/sbt/boot/scala-2.10.0/lib/scala-compiler.jar
7fb1e9cab000-7fb1e9cae000 r--s 00024000 08:07 5259824                    /home/andrea/play-2.1.3/repository/local/commons-io/commons-io/2.0.1/jars/commons-io.jar
7fb1e9cae000-7fb1e9cb6000 r--s 00046000 08:07 5650542                    /home/andrea/play-2.1.3/repository/cache/scala_2.9.2/sbt_0.12/com.typesafe.sbtidea/sbt-idea/jars/sbt-idea-1.1.1.jar
7fb1e9cb6000-7fb1e9d1c000 r--s 003df000 08:07 5517206                    /home/andrea/play-2.1.3/repository/local/org.scalaz/scalaz-core_2.9.2/6.0.4/jars/scalaz-core_2.9.2.jar
7fb1e9d1c000-7fb1e9d22000 r--s 00039000 08:07 5650543                    /home/andrea/play-2.1.3/repository/cache/scala_2.9.2/sbt_0.12/com.typesafe.sbteclipse/sbteclipse-core/jars/sbteclipse-core-2.1.1.jar
7fb1e9d22000-7fb1e9d23000 r--s 00001000 08:07 5650541                    /home/andrea/play-2.1.3/repository/cache/scala_2.9.2/sbt_0.12/com.typesafe.sbteclipse/sbteclipse-plugin/jars/sbteclipse-plugin-2.1.1.jar
7fb1e9d23000-7fb1e9d26000 r--s 0009f000 08:07 5387752                    /home/andrea/play-2.1.3/repository/local/net.contentobjects.jnotify/jnotify/0.94/jars/jnotify.jar
7fb1e9d26000-7fb1e9d27000 r--s 00004000 08:07 5002841                    /home/andrea/play-2.1.3/repository/local/asm/asm-analysis/3.3.1/jars/asm-analysis.jar
7fb1e9d27000-7fb1e9d29000 r--s 00004000 08:07 5258236                    /home/andrea/play-2.1.3/repository/local/asm/asm-tree/3.3.1/jars/asm-tree.jar
7fb1e9d29000-7fb1e9d2b000 r--s 00008000 08:07 5258266                    /home/andrea/play-2.1.3/repository/local/asm/asm-util/3.3.1/jars/asm-util.jar
7fb1e9d2b000-7fb1e9d2c000 r--s 0000a000 08:07 5002835                    /home/andrea/play-2.1.3/repository/local/asm/asm/3.3.1/jars/asm.jar
7fb1e9d2c000-7fb1e9d2e000 r--s 00013000 08:07 5516831                    /home/andrea/play-2.1.3/repository/local/org.parboiled/parboiled-java/1.0.2/jars/parboiled-java.jar
7fb1e9d2e000-7fb1e9d33000 r--s 0002f000 08:07 5516813                    /home/andrea/play-2.1.3/repository/local/org.parboiled/parboiled-core/1.0.2/jars/parboiled-core.jar
7fb1e9d33000-7fb1e9d35000 r--s 0000d000 08:07 5516848                    /home/andrea/play-2.1.3/repository/local/org.pegdown/pegdown/1.1.0/jars/pegdown.jar
7fb1e9d35000-7fb1e9d3f000 r--s 0012f000 08:07 5259073                    /home/andrea/play-2.1.3/repository/local/com.h2database/h2/1.3.168/jars/h2.jar
7fb1e9d3f000-7fb1e9d58000 r--s 0014c000 08:07 5120164                    /home/andrea/play-2.1.3/repository/local/org.avaje.ebeanorm/avaje-ebeanorm-server/3.1.2/jars/avaje-ebeanorm-server.jar
7fb1e9d58000-7fb1e9d76000 r--s 00151000 08:07 5258966                    /home/andrea/play-2.1.3/repository/local/com.google.guava/guava/10.0.1/jars/guava.jar
7fb1e9d76000-7fb1e9da7000 r--s 0030d000 08:07 5259020                    /home/andrea/play-2.1.3/repository/local/com.google.javascript/closure-compiler/rr2079.1/jars/closure-compiler.jar
7fb1e9da7000-7fb1e9db0000 r--s 000cc000 08:07 4860511                    /home/andrea/play-2.1.3/repository/local/rhino/js/1.7R2/jars/js.jar
7fb1e9db0000-7fb1e9db3000 ---p 00000000 00:00 0 
7fb1e9db3000-7fb1e9eb1000 rw-p 00000000 00:00 0                          [stack:1423]
7fb1e9eb1000-7fb1e9eb4000 ---p 00000000 00:00 0 
7fb1e9eb4000-7fb1e9fb2000 rw-p 00000000 00:00 0                          [stack:1451]
7fb1e9fb2000-7fb1e9fb5000 ---p 00000000 00:00 0 
7fb1e9fb5000-7fb1ea0b3000 rw-p 00000000 00:00 0                          [stack:1453]
7fb1ea0b3000-7fb1ea0b6000 ---p 00000000 00:00 0 
7fb1ea0b6000-7fb1ea1b4000 rw-p 00000000 00:00 0                          [stack:1454]
7fb1ea1b4000-7fb1ea1c4000 r-xp 00000000 08:05 922853                     /usr/lib/jvm/java-7-openjdk-amd64/jre/lib/amd64/libnio.so
7fb1ea1c4000-7fb1ea3c4000 ---p 00010000 08:05 922853                     /usr/lib/jvm/java-7-openjdk-amd64/jre/lib/amd64/libnio.so
7fb1ea3c4000-7fb1ea3c5000 r--p 00010000 08:05 922853                     /usr/lib/jvm/java-7-openjdk-amd64/jre/lib/amd64/libnio.so
7fb1ea3c5000-7fb1ea3c6000 rw-p 00011000 08:05 922853                     /usr/lib/jvm/java-7-openjdk-amd64/jre/lib/amd64/libnio.so
7fb1ea3c6000-7fb1ea402000 r-xp 00000000 08:05 396485                     /lib/x86_64-linux-gnu/libpcre.so.3.13.1
7fb1ea402000-7fb1ea601000 ---p 0003c000 08:05 396485                     /lib/x86_64-linux-gnu/libpcre.so.3.13.1
7fb1ea601000-7fb1ea602000 r--p 0003b000 08:05 396485                     /lib/x86_64-linux-gnu/libpcre.so.3.13.1
7fb1ea602000-7fb1ea603000 rw-p 0003c000 08:05 396485                     /lib/x86_64-linux-gnu/libpcre.so.3.13.1
7fb1ea603000-7fb1ea60a000 r-xp 00000000 08:05 925475                     /usr/lib/x86_64-linux-gnu/libffi.so.6.0.0
7fb1ea60a000-7fb1ea809000 ---p 00007000 08:05 925475                     /usr/lib/x86_64-linux-gnu/libffi.so.6.0.0
7fb1ea809000-7fb1ea80a000 r--p 00006000 08:05 925475                     /usr/lib/x86_64-linux-gnu/libffi.so.6.0.0
7fb1ea80a000-7fb1ea80b000 rw-p 00007000 08:05 925475                     /usr/lib/x86_64-linux-gnu/libffi.so.6.0.0
7fb1ea80b000-7fb1ea823000 r-xp 00000000 08:05 415740                     /lib/x86_64-linux-gnu/libresolv-2.15.so
7fb1ea823000-7fb1eaa23000 ---p 00018000 08:05 415740                     /lib/x86_64-linux-gnu/libresolv-2.15.so
7fb1eaa23000-7fb1eaa24000 r--p 00018000 08:05 415740                     /lib/x86_64-linux-gnu/libresolv-2.15.so
7fb1eaa24000-7fb1eaa25000 rw-p 00019000 08:05 415740                     /lib/x86_64-linux-gnu/libresolv-2.15.so
7fb1eaa25000-7fb1eaa27000 rw-p 00000000 00:00 0 
7fb1eaa27000-7fb1eaa44000 r-xp 00000000 08:05 396504                     /lib/x86_64-linux-gnu/libselinux.so.1
7fb1eaa44000-7fb1eac43000 ---p 0001d000 08:05 396504                     /lib/x86_64-linux-gnu/libselinux.so.1
7fb1eac43000-7fb1eac44000 r--p 0001c000 08:05 396504                     /lib/x86_64-linux-gnu/libselinux.so.1
7fb1eac44000-7fb1eac45000 rw-p 0001d000 08:05 396504                     /lib/x86_64-linux-gnu/libselinux.so.1
7fb1eac45000-7fb1eac46000 rw-p 00000000 00:00 0 
7fb1eac46000-7fb1eac49000 r-xp 00000000 08:05 916858                     /usr/lib/x86_64-linux-gnu/libgmodule-2.0.so.0.3400.1
7fb1eac49000-7fb1eae48000 ---p 00003000 08:05 916858                     /usr/lib/x86_64-linux-gnu/libgmodule-2.0.so.0.3400.1
7fb1eae48000-7fb1eae49000 r--p 00002000 08:05 916858                     /usr/lib/x86_64-linux-gnu/libgmodule-2.0.so.0.3400.1
7fb1eae49000-7fb1eae4a000 rw-p 00003000 08:05 916858                     /usr/lib/x86_64-linux-gnu/libgmodule-2.0.so.0.3400.1
7fb1eae4a000-7fb1eaf3f000 r-xp 00000000 08:05 414608                     /lib/x86_64-linux-gnu/libglib-2.0.so.0.3400.1
7fb1eaf3f000-7fb1eb13e000 ---p 000f5000 08:05 414608                     /lib/x86_64-linux-gnu/libglib-2.0.so.0.3400.1
7fb1eb13e000-7fb1eb13f000 r--p 000f4000 08:05 414608                     /lib/x86_64-linux-gnu/libglib-2.0.so.0.3400.1
7fb1eb13f000-7fb1eb140000 rw-p 000f5000 08:05 414608                     /lib/x86_64-linux-gnu/libglib-2.0.so.0.3400.1
7fb1eb140000-7fb1eb141000 rw-p 00000000 00:00 0 
7fb1eb141000-7fb1eb18e000 r-xp 00000000 08:05 916856                     /usr/lib/x86_64-linux-gnu/libgobject-2.0.so.0.3400.1
7fb1eb18e000-7fb1eb38e000 ---p 0004d000 08:05 916856                     /usr/lib/x86_64-linux-gnu/libgobject-2.0.so.0.3400.1
7fb1eb38e000-7fb1eb38f000 r--p 0004d000 08:05 916856                     /usr/lib/x86_64-linux-gnu/libgobject-2.0.so.0.3400.1
7fb1eb38f000-7fb1eb390000 rw-p 0004e000 08:05 916856                     /usr/lib/x86_64-linux-gnu/libgobject-2.0.so.0.3400.1
7fb1eb390000-7fb1eb4de000 r-xp 00000000 08:05 917307                     /usr/lib/x86_64-linux-gnu/libgio-2.0.so.0.3400.1
7fb1eb4de000-7fb1eb6dd000 ---p 0014e000 08:05 917307                     /usr/lib/x86_64-linux-gnu/libgio-2.0.so.0.3400.1
7fb1eb6dd000-7fb1eb6e1000 r--p 0014d000 08:05 917307                     /usr/lib/x86_64-linux-gnu/libgio-2.0.so.0.3400.1
7fb1eb6e1000-7fb1eb6e3000 rw-p 00151000 08:05 917307                     /usr/lib/x86_64-linux-gnu/libgio-2.0.so.0.3400.1
7fb1eb6e3000-7fb1eb6e5000 rw-p 00000000 00:00 0 
7fb1eb6e5000-7fb1eb6e7000 r--s 00006000 08:05 1318124                    /usr/share/java/java-atk-wrapper.jar
7fb1eb6e7000-7fb1eb6ec000 r--s 0004c000 08:05 1046712                    /usr/lib/jvm/java-7-openjdk-common/jre/lib/jsse.jar
7fb1eb6ec000-7fb1eb6f0000 r--s 0002a000 08:07 5259498                    /home/andrea/play-2.1.3/repository/local/com.typesafe/config/1.0.0/bundles/config.jar
7fb1eb6f0000-7fb1eb706000 r--s 00132000 08:07 5258372                    /home/andrea/play-2.1.3/repository/local/com.github.scala-incubator.io/scala-io-core_2.9.1/0.4.0-seq/jars/scala-io-core_2.9.1.jar
7fb1eb706000-7fb1eb71c000 r-xp 00000000 08:05 922854                     /usr/lib/jvm/java-7-openjdk-amd64/jre/lib/amd64/libnet.so
7fb1eb71c000-7fb1eb91b000 ---p 00016000 08:05 922854                     /usr/lib/jvm/java-7-openjdk-amd64/jre/lib/amd64/libnet.so
7fb1eb91b000-7fb1eb91c000 r--p 00015000 08:05 922854                     /usr/lib/jvm/java-7-openjdk-amd64/jre/lib/amd64/libnet.so
7fb1eb91c000-7fb1eb91d000 rw-p 00016000 08:05 922854                     /usr/lib/jvm/java-7-openjdk-amd64/jre/lib/amd64/libnet.so
7fb1eb91d000-7fb1ec000000 r--p 00000000 08:05 923297                     /usr/lib/locale/locale-archive
7fb1ec000000-7fb1ec021000 rw-p 00000000 00:00 0 
7fb1ec021000-7fb1f0000000 ---p 00000000 00:00 0 
7fb1f0000000-7fb1f0021000 rw-p 00000000 00:00 0 
7fb1f0021000-7fb1f4000000 ---p 00000000 00:00 0 
7fb1f4000000-7fb1f4097000 rw-p 00000000 00:00 0 
7fb1f4097000-7fb1f8000000 ---p 00000000 00:00 0 
7fb1f8000000-7fb1f824a000 rw-p 00000000 00:00 0 
7fb1f824a000-7fb1fc000000 ---p 00000000 00:00 0 
7fb1fc000000-7fb1fc099000 rw-p 00000000 00:00 0 
7fb1fc099000-7fb200000000 ---p 00000000 00:00 0 
7fb200000000-7fb200001000 rw-p 00000000 00:00 0 
7fb200001000-7fb200003000 r--s 00015000 08:05 1053093                    /usr/lib/jvm/java-7-openjdk-common/jre/lib/jce.jar
7fb200003000-7fb200006000 r--s 0002a000 08:07 5119993                    /home/andrea/play-2.1.3/repository/local/org.avaje.ebeanorm/avaje-ebeanorm-agent/3.2.2/jars/avaje-ebeanorm-agent.jar
7fb200006000-7fb20000e000 r--s 0003f000 08:07 5119999                    /home/andrea/play-2.1.3/repository/local/org.avaje.ebeanorm/avaje-ebeanorm-api/3.1.1/jars/avaje-ebeanorm-api.jar
7fb20000e000-7fb200015000 r--s 00058000 08:07 5258461                    /home/andrea/play-2.1.3/repository/local/com.github.scala-incubator.io/scala-io-file_2.9.1/0.4.0-seq/jars/scala-io-file_2.9.1.jar
7fb200015000-7fb200019000 r--s 00031000 08:07 5259136                    /home/andrea/play-2.1.3/repository/local/com.jcraft/jsch/0.1.44-1/jars/jsch.jar
7fb200019000-7fb200033000 r--s 0015d000 08:07 5516709                    /home/andrea/play-2.1.3/repository/local/org.eclipse.jgit/org.eclipse.jgit/1.3.0.201202151440-r/jars/org.eclipse.jgit.jar
7fb200033000-7fb200035000 r--s 00002000 08:07 5387772                    /home/andrea/play-2.1.3/repository/local/net.databinder/dispatch-futures_2.9.1/0.8.6/jars/dispatch-futures_2.9.1.jar
7fb200035000-7fb200037000 r--s 0000d000 08:07 5259796                    /home/andrea/play-2.1.3/repository/local/commons-codec/commons-codec/1.4/jars/commons-codec.jar
7fb200037000-7fb200039000 r--s 0000d000 08:07 5259842                    /home/andrea/play-2.1.3/repository/local/commons-logging/commons-logging/1.1.1/jars/commons-logging.jar
7fb200039000-7fb20003e000 r--s 00028000 08:07 5516343                    /home/andrea/play-2.1.3/repository/local/org.apache.httpcomponents/httpcore/4.1.2/jars/httpcore.jar
7fb20003e000-7fb200046000 r--s 0004e000 08:07 5515514                    /home/andrea/play-2.1.3/repository/local/org.apache.httpcomponents/httpclient/4.1.2/jars/httpclient.jar
7fb200046000-7fb20004a000 r--s 0001a000 08:07 5387758                    /home/andrea/play-2.1.3/repository/local/net.databinder/dispatch-core_2.9.1/0.8.6/jars/dispatch-core_2.9.1.jar
7fb20004a000-7fb20004b000 r--s 00007000 08:07 5387798                    /home/andrea/play-2.1.3/repository/local/net.databinder/dispatch-http_2.9.1/0.8.6/jars/dispatch-http_2.9.1.jar
7fb20004b000-7fb20004d000 r--s 0000e000 08:07 5387743                    /home/andrea/play-2.1.3/repository/local/me.lessis/ls_2.9.1/0.1.2-RC2/jars/ls_2.9.1.jar
7fb20004d000-7fb200052000 r--s 00068000 08:07 5002823                    /home/andrea/play-2.1.3/repository/local/antlr/antlr/2.7.7/jars/antlr.jar
7fb200052000-7fb200055000 r--s 00022000 08:07 5387913                    /home/andrea/play-2.1.3/repository/local/org.antlr/stringtemplate/3.2.1/jars/stringtemplate.jar
7fb200055000-7fb200057000 r--s 00005000 08:07 5517294                    /home/andrea/play-2.1.3/repository/local/org.slf4j/slf4j-api/1.6.2/jars/slf4j-api.jar
7fb200057000-7fb200058000 r--s 00001000 08:07 5387952                    /home/andrea/play-2.1.3/repository/local/org.clapper/grizzled-slf4j_2.9.1/0.6.5/jars/grizzled-slf4j_2.9.1.jar
7fb200058000-7fb20005a000 r--s 00008000 08:07 5119984                    /home/andrea/play-2.1.3/repository/local/asm/asm-commons/3.3/jars/asm-commons.jar
7fb20005a000-7fb20005d000 r--s 00016000 08:07 5259857                    /home/andrea/play-2.1.3/repository/local/org.clapper/classutil_2.9.1/0.4.2/jars/classutil_2.9.1.jar
7fb20005d000-7fb200067000 r--s 00047000 08:07 5517677                    /home/andrea/play-2.1.3/repository/local/play/templates-compiler_2.9.2/2.1.3/jars/templates-compiler_2.9.2.jar
7fb200067000-7fb200084000 r--s 001a5000 08:07 5259671                    /home/andrea/play-2.1.3/repository/local/com.typesafe.akka/akka-actor/2.0.1/jars/akka-actor.jar
7fb200084000-7fb200089000 r--s 0004c000 08:05 1046712                    /usr/lib/jvm/java-7-openjdk-common/jre/lib/jsse.jar
7fb200089000-7fb20008c000 r--s 0001b000 08:07 5387729                    /home/andrea/play-2.1.3/repository/local/junit/junit/3.8.1/jars/junit.jar
7fb20008c000-7fb20008e000 r--s 00014000 08:07 5387686                    /home/andrea/play-2.1.3/repository/local/jline/jline/0.9.94/jars/jline.jar
7fb20008e000-7fb200097000 r--s 00065000 08:07 5387946                    /home/andrea/play-2.1.3/repository/local/org.clapper/grizzled-scala_2.9.1/1.0.8/jars/grizzled-scala_2.9.1.jar
7fb200097000-7fb200098000 r--s 00004000 08:07 5387958                    /home/andrea/play-2.1.3/repository/local/org.clapper/scalasti_2.9.1/0.5.5/jars/scalasti_2.9.1.jar
7fb200098000-7fb20009a000 r--s 00013000 08:07 5387804                    /home/andrea/play-2.1.3/repository/local/net.databinder.giter8/giter8-lib_2.9.1/0.5.0/jars/giter8-lib_2.9.1.jar
7fb20009a000-7fb20009c000 r--s 00005000 08:07 5387810                    /home/andrea/play-2.1.3/repository/local/net.databinder.giter8/giter8_2.9.1/0.5.0/jars/giter8_2.9.1.jar
7fb20009c000-7fb20009e000 r--s 0000f000 08:07 5258323                    /home/andrea/play-2.1.3/repository/local/com.github.jsuereth.scala-arm/scala-arm_2.9.1/1.1/jars/scala-arm_2.9.1.jar
7fb20009e000-7fb2000b5000 r--s 00146000 08:07 5258441                    /home/andrea/play-2.1.3/repository/local/com.github.scala-incubator.io/scala-io-core_2.9.2/0.4.1/jars/scala-io-core_2.9.2.jar
7fb2000b5000-7fb2000bc000 r--s 00059000 08:07 5258477                    /home/andrea/play-2.1.3/repository/local/com.github.scala-incubator.io/scala-io-file_2.9.2/0.4.1/jars/scala-io-file_2.9.2.jar
7fb2000bc000-7fb2000c8000 r--s 0005d000 08:07 5517641                    /home/andrea/play-2.1.3/repository/local/play/routes-compiler_2.9.2/2.1.3/jars/routes-compiler_2.9.2.jar
7fb2000c8000-7fb2000ca000 r--s 00000000 08:07 5517474                    /home/andrea/play-2.1.3/repository/local/play/play-exceptions/2.1.3/jars/play-exceptions.jar
7fb2000ca000-7fb2000d3000 r--s 00098000 08:07 5516767                    /home/andrea/play-2.1.3/repository/local/org.javassist/javassist/3.16.1-GA/jars/javassist.jar
7fb2000d3000-7fb2000d5000 r--s 00001000 08:07 5517650                    /home/andrea/play-2.1.3/repository/local/play/sbt-link/2.1.3/jars/sbt-link.jar
7fb2000d5000-7fb2000e4000 r--s 000c7000 08:07 5650540                    /home/andrea/play-2.1.3/repository/cache/scala_2.9.2/sbt_0.12/play/sbt-plugin/jars/sbt-plugin-2.1.3.jar
7fb2000e4000-7fb2000ed000 r--s 000bc000 08:05 1067256                    /usr/lib/jvm/java-7-openjdk-common/jre/lib/resources.jar
7fb2000ed000-7fb2000f0000 r--s 00008000 08:07 5650391                    /home/andrea/play-2.1.3/framework/sbt/boot/scala-2.9.2/org.scala-sbt/sbt/0.12.2/xsbti/interface-0.12.2.jar
7fb2000f0000-7fb2000f2000 r--s 00001000 08:07 5650377                    /home/andrea/play-2.1.3/framework/sbt/boot/scala-2.9.2/org.scala-sbt/sbt/0.12.2/compiler-ivy-integration-0.12.2.jar
7fb2000f2000-7fb2000f5000 r--s 0001c000 08:07 5650403                    /home/andrea/play-2.1.3/framework/sbt/boot/scala-2.9.2/org.scala-sbt/sbt/0.12.2/task-system-0.12.2.jar
7fb2000f5000-7fb2000f7000 r--s 00008000 08:07 5650368                    /home/andrea/play-2.1.3/framework/sbt/boot/scala-2.9.2/org.scala-sbt/sbt/0.12.2/commons-logging-1.0.4.jar
7fb2000f7000-7fb2000fd000 r--s 00044000 08:07 5650404                    /home/andrea/play-2.1.3/framework/sbt/boot/scala-2.9.2/org.scala-sbt/sbt/0.12.2/collections-0.12.2.jar
7fb2000fd000-7fb200103000 r--s 00045000 08:07 5650384                    /home/andrea/play-2.1.3/framework/sbt/boot/scala-2.9.2/org.scala-sbt/sbt/0.12.2/commons-httpclient-3.1.jar
7fb200103000-7fb20010a000 r--s 0004f000 08:07 5650395                    /home/andrea/play-2.1.3/framework/sbt/boot/scala-2.9.2/org.scala-sbt/sbt/0.12.2/completion-0.12.2.jar
7fb20010a000-7fb20010d000 r--s 0001e000 08:07 5650388                    /home/andrea/play-2.1.3/framework/sbt/boot/scala-2.9.2/org.scala-sbt/sbt/0.12.2/compile-0.12.2.jar
7fb20010d000-7fb200110000 r--s 00014000 08:07 5650387                    /home/andrea/play-2.1.3/framework/sbt/boot/scala-2.9.2/org.scala-sbt/sbt/0.12.2/run-0.12.2.jar
7fb200110000-7fb200118000 r--s 0004d000 08:07 5650400                    /home/andrea/play-2.1.3/framework/sbt/boot/scala-2.9.2/org.scala-sbt/sbt/0.12.2/api-0.12.2.jar
7fb200118000-7fb20011b000 ---p 00000000 00:00 0 
7fb20011b000-7fb200140000 rw-p 00000000 00:00 0                          [stack:1391]
7fb200140000-7fb200144000 r--s 0002e000 08:07 5650397                    /home/andrea/play-2.1.3/framework/sbt/boot/scala-2.9.2/org.scala-sbt/sbt/0.12.2/command-0.12.2.jar
7fb200144000-7fb200146000 r--s 00013000 08:07 5650385                    /home/andrea/play-2.1.3/framework/sbt/boot/scala-2.9.2/org.scala-sbt/sbt/0.12.2/classpath-0.12.2.jar
7fb200146000-7fb200148000 r--s 00001000 08:07 5650389                    /home/andrea/play-2.1.3/framework/sbt/boot/scala-2.9.2/org.scala-sbt/sbt/0.12.2/launcher-interface-0.12.2.jar
7fb200148000-7fb20014d000 r--s 00041000 08:07 5650392                    /home/andrea/play-2.1.3/framework/sbt/boot/scala-2.9.2/org.scala-sbt/sbt/0.12.2/actions-0.12.2.jar
7fb20014d000-7fb20014e000 r--s 00004000 08:07 5650396                    /home/andrea/play-2.1.3/framework/sbt/boot/scala-2.9.2/org.scala-sbt/sbt/0.12.2/sbt-0.12.2.jar
7fb20014e000-7fb200152000 r--s 00029000 08:07 5650373                    /home/andrea/play-2.1.3/framework/sbt/boot/scala-2.9.2/org.scala-sbt/sbt/0.12.2/incremental-compiler-0.12.2.jar
7fb200152000-7fb200175000 r--s 001cc000 08:07 5650374                    /home/andrea/play-2.1.3/framework/sbt/boot/scala-2.9.2/org.scala-sbt/sbt/0.12.2/main-0.12.2.jar
7fb200175000-7fb200177000 r--s 00009000 08:07 5650379                    /home/andrea/play-2.1.3/framework/sbt/boot/scala-2.9.2/org.scala-sbt/sbt/0.12.2/tracking-0.12.2.jar
7fb200177000-7fb200179000 r--s 00013000 08:07 5650386                    /home/andrea/play-2.1.3/framework/sbt/boot/scala-2.9.2/org.scala-sbt/sbt/0.12.2/testing-0.12.2.jar
7fb200179000-7fb20017f000 r--s 0003b000 08:07 5650399                    /home/andrea/play-2.1.3/framework/sbt/boot/scala-2.9.2/org.scala-sbt/sbt/0.12.2/io-0.12.2.jar
7fb20017f000-7fb2001fd000 r--s 007f5000 08:07 5650413                    /home/andrea/play-2.1.3/framework/sbt/boot/scala-2.9.2/lib/scala-library.jar
7fb2001fd000-7fb2001fe000 ---p 00000000 00:00 0 
7fb2001fe000-7fb2002fe000 rw-p 00000000 00:00 0                          [stack:840]
7fb2002fe000-7fb200301000 ---p 00000000 00:00 0 
7fb200301000-7fb2003ff000 rw-p 00000000 00:00 0                          [stack:839]
7fb2003ff000-7fb200402000 ---p 00000000 00:00 0 
7fb200402000-7fb205000000 rw-p 00000000 00:00 0                          [stack:838]
7fb205000000-7fb205ca0000 rwxp 00000000 00:00 0 
7fb205ca0000-7fb209d93000 rw-p 00000000 00:00 0 
7fb209d93000-7fb20c000000 ---p 00000000 00:00 0 
7fb20c000000-7fb20c001000 r--s 00000000 08:07 5002853                    /home/andrea/play-2.1.3/repository/local/org.avaje.ebeanorm/avaje-ebeanorm/3.1.2/jars/avaje-ebeanorm.jar
7fb20c001000-7fb20c003000 r--s 00000000 08:07 5650376                    /home/andrea/play-2.1.3/framework/sbt/boot/scala-2.9.2/org.scala-sbt/sbt/0.12.2/test-interface-0.5.jar
7fb20c003000-7fb20c006000 r--s 00019000 08:07 5650372                    /home/andrea/play-2.1.3/framework/sbt/boot/scala-2.9.2/org.scala-sbt/sbt/0.12.2/cache-0.12.2.jar
7fb20c006000-7fb20c008000 r--s 0000a000 08:07 5650383                    /home/andrea/play-2.1.3/framework/sbt/boot/scala-2.9.2/org.scala-sbt/sbt/0.12.2/compiler-integration-0.12.2.jar
7fb20c008000-7fb20c013000 r--s 00090000 08:07 5650405                    /home/andrea/play-2.1.3/framework/sbt/boot/scala-2.9.2/org.scala-sbt/sbt/0.12.2/ivy-0.12.2.jar
7fb20c013000-7fb20c015000 r--s 00015000 08:07 5650381                    /home/andrea/play-2.1.3/framework/sbt/boot/scala-2.9.2/org.scala-sbt/sbt/0.12.2/jline-1.0.jar
7fb20c015000-7fb20c018000 r--s 0001a000 08:07 5650369                    /home/andrea/play-2.1.3/framework/sbt/boot/scala-2.9.2/org.scala-sbt/sbt/0.12.2/process-0.12.2.jar
7fb20c018000-7fb20c01b000 r--s 00022000 08:07 5650394                    /home/andrea/play-2.1.3/framework/sbt/boot/scala-2.9.2/org.scala-sbt/sbt/0.12.2/sbinary_2.9.0-0.4.0.jar
7fb20c01b000-7fb20c01d000 r--s 00002000 08:07 5650370                    /home/andrea/play-2.1.3/framework/sbt/boot/scala-2.9.2/org.scala-sbt/sbt/0.12.2/control-0.12.2.jar
7fb20c01d000-7fb20c01f000 r--s 00006000 08:07 5650390                    /home/andrea/play-2.1.3/framework/sbt/boot/scala-2.9.2/org.scala-sbt/sbt/0.12.2/commons-codec-1.2.jar
7fb20c01f000-7fb20c022000 r--s 00017000 08:07 5650371                    /home/andrea/play-2.1.3/framework/sbt/boot/scala-2.9.2/org.scala-sbt/sbt/0.12.2/logging-0.12.2.jar
7fb20c022000-7fb20c026000 r--s 0001c000 08:07 5650393                    /home/andrea/play-2.1.3/framework/sbt/boot/scala-2.9.2/org.scala-sbt/sbt/0.12.2/persist-0.12.2.jar
7fb20c026000-7fb20c02a000 r--s 00034000 08:07 5650401                    /home/andrea/play-2.1.3/framework/sbt/boot/scala-2.9.2/org.scala-sbt/sbt/0.12.2/jsch-0.1.46.jar
7fb20c02a000-7fb20c0f1000 r--s 00a25000 08:07 5650411                    /home/andrea/play-2.1.3/framework/sbt/boot/scala-2.9.2/lib/scala-compiler.jar
7fb20c0f1000-7fb20c0f4000 ---p 00000000 00:00 0 
7fb20c0f4000-7fb20c1f2000 rw-p 00000000 00:00 0                          [stack:837]
7fb20c1f2000-7fb20c1f5000 ---p 00000000 00:00 0 
7fb20c1f5000-7fb20c2f3000 rw-p 00000000 00:00 0                          [stack:836]
7fb20c2f3000-7fb20c2f6000 ---p 00000000 00:00 0 
7fb20c2f6000-7fb20c3f4000 rw-p 00000000 00:00 0                          [stack:835]
7fb20c3f4000-7fb20c3f7000 ---p 00000000 00:00 0 
7fb20c3f7000-7fb20c4f5000 rw-p 00000000 00:00 0                          [stack:834]
7fb20c4f5000-7fb20c4f6000 ---p 00000000 00:00 0 
7fb20c4f6000-7fb20cf6b000 rw-p 00000000 00:00 0                          [stack:833]
7fb20cf6b000-7fb20d118000 r--s 01cec000 08:05 922960                     /usr/lib/jvm/java-7-openjdk-amd64/jre/lib/rt.jar
7fb20d118000-7fb20d119000 ---p 00000000 00:00 0 
7fb20d119000-7fb20d219000 rw-p 00000000 00:00 0                          [stack:832]
7fb20d219000-7fb20d21a000 ---p 00000000 00:00 0 
7fb20d21a000-7fb20d3a6000 rw-p 00000000 00:00 0                          [stack:831]
7fb20d3a6000-7fb20d3da000 rw-p 00000000 00:00 0 
7fb20d3da000-7fb20d491000 rw-p 00000000 00:00 0 
7fb20d491000-7fb20d5da000 rw-p 00000000 00:00 0 
7fb20d5da000-7fb20d666000 rw-p 00000000 00:00 0 
7fb20d666000-7fb20d69a000 rw-p 00000000 00:00 0 
7fb20d69a000-7fb20d751000 rw-p 00000000 00:00 0 
7fb20d751000-7fb20d89a000 rw-p 00000000 00:00 0 
7fb20d89a000-7fb20d995000 rw-p 00000000 00:00 0 
7fb20d995000-7fb20d99a000 ---p 00000000 00:00 0 
7fb20d99a000-7fb20d99b000 rw-p 00000000 00:00 0 
7fb20d99b000-7fb20d9a3000 r-xp 00000000 08:05 922868                     /usr/lib/jvm/java-7-openjdk-amd64/jre/lib/amd64/libzip.so
7fb20d9a3000-7fb20dba2000 ---p 00008000 08:05 922868                     /usr/lib/jvm/java-7-openjdk-amd64/jre/lib/amd64/libzip.so
7fb20dba2000-7fb20dba3000 r--p 00007000 08:05 922868                     /usr/lib/jvm/java-7-openjdk-amd64/jre/lib/amd64/libzip.so
7fb20dba3000-7fb20dba4000 rw-p 00008000 08:05 922868                     /usr/lib/jvm/java-7-openjdk-amd64/jre/lib/amd64/libzip.so
7fb20dba4000-7fb20dbb0000 r-xp 00000000 08:05 415736                     /lib/x86_64-linux-gnu/libnss_files-2.15.so
7fb20dbb0000-7fb20ddaf000 ---p 0000c000 08:05 415736                     /lib/x86_64-linux-gnu/libnss_files-2.15.so
7fb20ddaf000-7fb20ddb0000 r--p 0000b000 08:05 415736                     /lib/x86_64-linux-gnu/libnss_files-2.15.so
7fb20ddb0000-7fb20ddb1000 rw-p 0000c000 08:05 415736                     /lib/x86_64-linux-gnu/libnss_files-2.15.so
7fb20ddb1000-7fb20ddbb000 r-xp 00000000 08:05 397176                     /lib/x86_64-linux-gnu/libnss_nis-2.15.so
7fb20ddbb000-7fb20dfbb000 ---p 0000a000 08:05 397176                     /lib/x86_64-linux-gnu/libnss_nis-2.15.so
7fb20dfbb000-7fb20dfbc000 r--p 0000a000 08:05 397176                     /lib/x86_64-linux-gnu/libnss_nis-2.15.so
7fb20dfbc000-7fb20dfbd000 rw-p 0000b000 08:05 397176                     /lib/x86_64-linux-gnu/libnss_nis-2.15.so
7fb20dfbd000-7fb20dfd4000 r-xp 00000000 08:05 415746                     /lib/x86_64-linux-gnu/libnsl-2.15.so
7fb20dfd4000-7fb20e1d3000 ---p 00017000 08:05 415746                     /lib/x86_64-linux-gnu/libnsl-2.15.so
7fb20e1d3000-7fb20e1d4000 r--p 00016000 08:05 415746                     /lib/x86_64-linux-gnu/libnsl-2.15.so
7fb20e1d4000-7fb20e1d5000 rw-p 00017000 08:05 415746                     /lib/x86_64-linux-gnu/libnsl-2.15.so
7fb20e1d5000-7fb20e1d7000 rw-p 00000000 00:00 0 
7fb20e1d7000-7fb20e1df000 r-xp 00000000 08:05 415750                     /lib/x86_64-linux-gnu/libnss_compat-2.15.so
7fb20e1df000-7fb20e3de000 ---p 00008000 08:05 415750                     /lib/x86_64-linux-gnu/libnss_compat-2.15.so
7fb20e3de000-7fb20e3df000 r--p 00007000 08:05 415750                     /lib/x86_64-linux-gnu/libnss_compat-2.15.so
7fb20e3df000-7fb20e3e0000 rw-p 00008000 08:05 415750                     /lib/x86_64-linux-gnu/libnss_compat-2.15.so
7fb20e3e0000-7fb20e40a000 r-xp 00000000 08:05 922846                     /usr/lib/jvm/java-7-openjdk-amd64/jre/lib/amd64/libjava.so
7fb20e40a000-7fb20e60a000 ---p 0002a000 08:05 922846                     /usr/lib/jvm/java-7-openjdk-amd64/jre/lib/amd64/libjava.so
7fb20e60a000-7fb20e60b000 r--p 0002a000 08:05 922846                     /usr/lib/jvm/java-7-openjdk-amd64/jre/lib/amd64/libjava.so
7fb20e60b000-7fb20e60d000 rw-p 0002b000 08:05 922846                     /usr/lib/jvm/java-7-openjdk-amd64/jre/lib/amd64/libjava.so
7fb20e60d000-7fb20e61c000 r-xp 00000000 08:05 922860                     /usr/lib/jvm/java-7-openjdk-amd64/jre/lib/amd64/libverify.so
7fb20e61c000-7fb20e81b000 ---p 0000f000 08:05 922860                     /usr/lib/jvm/java-7-openjdk-amd64/jre/lib/amd64/libverify.so
7fb20e81b000-7fb20e81d000 r--p 0000e000 08:05 922860                     /usr/lib/jvm/java-7-openjdk-amd64/jre/lib/amd64/libverify.so
7fb20e81d000-7fb20e81e000 rw-p 00010000 08:05 922860                     /usr/lib/jvm/java-7-openjdk-amd64/jre/lib/amd64/libverify.so
7fb20e81e000-7fb20e825000 r-xp 00000000 08:05 415738                     /lib/x86_64-linux-gnu/librt-2.15.so
7fb20e825000-7fb20ea24000 ---p 00007000 08:05 415738                     /lib/x86_64-linux-gnu/librt-2.15.so
7fb20ea24000-7fb20ea25000 r--p 00006000 08:05 415738                     /lib/x86_64-linux-gnu/librt-2.15.so
7fb20ea25000-7fb20ea26000 rw-p 00007000 08:05 415738                     /lib/x86_64-linux-gnu/librt-2.15.so
7fb20ea26000-7fb20ea3b000 r-xp 00000000 08:05 396423                     /lib/x86_64-linux-gnu/libgcc_s.so.1
7fb20ea3b000-7fb20ec3a000 ---p 00015000 08:05 396423                     /lib/x86_64-linux-gnu/libgcc_s.so.1
7fb20ec3a000-7fb20ec3b000 r--p 00014000 08:05 396423                     /lib/x86_64-linux-gnu/libgcc_s.so.1
7fb20ec3b000-7fb20ec3c000 rw-p 00015000 08:05 396423                     /lib/x86_64-linux-gnu/libgcc_s.so.1
7fb20ec3c000-7fb20ed37000 r-xp 00000000 08:05 415747                     /lib/x86_64-linux-gnu/libm-2.15.so
7fb20ed37000-7fb20ef36000 ---p 000fb000 08:05 415747                     /lib/x86_64-linux-gnu/libm-2.15.so
7fb20ef36000-7fb20ef37000 r--p 000fa000 08:05 415747                     /lib/x86_64-linux-gnu/libm-2.15.so
7fb20ef37000-7fb20ef38000 rw-p 000fb000 08:05 415747                     /lib/x86_64-linux-gnu/libm-2.15.so
7fb20ef38000-7fb20f01d000 r-xp 00000000 08:05 926019                     /usr/lib/x86_64-linux-gnu/libstdc++.so.6.0.17
7fb20f01d000-7fb20f21c000 ---p 000e5000 08:05 926019                     /usr/lib/x86_64-linux-gnu/libstdc++.so.6.0.17
7fb20f21c000-7fb20f224000 r--p 000e4000 08:05 926019                     /usr/lib/x86_64-linux-gnu/libstdc++.so.6.0.17
7fb20f224000-7fb20f226000 rw-p 000ec000 08:05 926019                     /usr/lib/x86_64-linux-gnu/libstdc++.so.6.0.17
7fb20f226000-7fb20f23b000 rw-p 00000000 00:00 0 
7fb20f23b000-7fb20fc2a000 r-xp 00000000 08:05 922842                     /usr/lib/jvm/java-7-openjdk-amd64/jre/lib/amd64/server/libjvm.so
7fb20fc2a000-7fb20fe2a000 ---p 009ef000 08:05 922842                     /usr/lib/jvm/java-7-openjdk-amd64/jre/lib/amd64/server/libjvm.so
7fb20fe2a000-7fb20fea9000 r--p 009ef000 08:05 922842                     /usr/lib/jvm/java-7-openjdk-amd64/jre/lib/amd64/server/libjvm.so
7fb20fea9000-7fb20fecc000 rw-p 00a6e000 08:05 922842                     /usr/lib/jvm/java-7-openjdk-amd64/jre/lib/amd64/server/libjvm.so
7fb20fecc000-7fb20fef7000 rw-p 00000000 00:00 0 
7fb20fef7000-7fb20ff0d000 r-xp 00000000 08:05 396532                     /lib/x86_64-linux-gnu/libz.so.1.2.7
7fb20ff0d000-7fb21010c000 ---p 00016000 08:05 396532                     /lib/x86_64-linux-gnu/libz.so.1.2.7
7fb21010c000-7fb21010d000 r--p 00015000 08:05 396532                     /lib/x86_64-linux-gnu/libz.so.1.2.7
7fb21010d000-7fb21010e000 rw-p 00016000 08:05 396532                     /lib/x86_64-linux-gnu/libz.so.1.2.7
7fb21010e000-7fb210126000 r-xp 00000000 08:05 415734                     /lib/x86_64-linux-gnu/libpthread-2.15.so
7fb210126000-7fb210325000 ---p 00018000 08:05 415734                     /lib/x86_64-linux-gnu/libpthread-2.15.so
7fb210325000-7fb210326000 r--p 00017000 08:05 415734                     /lib/x86_64-linux-gnu/libpthread-2.15.so
7fb210326000-7fb210327000 rw-p 00018000 08:05 415734                     /lib/x86_64-linux-gnu/libpthread-2.15.so
7fb210327000-7fb21032b000 rw-p 00000000 00:00 0 
7fb21032b000-7fb21032d000 r-xp 00000000 08:05 415749                     /lib/x86_64-linux-gnu/libdl-2.15.so
7fb21032d000-7fb21052d000 ---p 00002000 08:05 415749                     /lib/x86_64-linux-gnu/libdl-2.15.so
7fb21052d000-7fb21052e000 r--p 00002000 08:05 415749                     /lib/x86_64-linux-gnu/libdl-2.15.so
7fb21052e000-7fb21052f000 rw-p 00003000 08:05 415749                     /lib/x86_64-linux-gnu/libdl-2.15.so
7fb21052f000-7fb2106e4000 r-xp 00000000 08:05 415751                     /lib/x86_64-linux-gnu/libc-2.15.so
7fb2106e4000-7fb2108e3000 ---p 001b5000 08:05 415751                     /lib/x86_64-linux-gnu/libc-2.15.so
7fb2108e3000-7fb2108e7000 r--p 001b4000 08:05 415751                     /lib/x86_64-linux-gnu/libc-2.15.so
7fb2108e7000-7fb2108e9000 rw-p 001b8000 08:05 415751                     /lib/x86_64-linux-gnu/libc-2.15.so
7fb2108e9000-7fb2108ee000 rw-p 00000000 00:00 0 
7fb2108ee000-7fb2108f0000 r--s 0000a000 08:07 5517444                    /home/andrea/play-2.1.3/repository/local/play/console_2.9.2/2.1.3/jars/console_2.9.2.jar
7fb2108f0000-7fb2108f3000 r--s 0001b000 08:07 5650402                    /home/andrea/play-2.1.3/framework/sbt/boot/scala-2.9.2/org.scala-sbt/sbt/0.12.2/tasks-0.12.2.jar
7fb2108f3000-7fb2108f4000 r--s 00002000 08:07 5650398                    /home/andrea/play-2.1.3/framework/sbt/boot/scala-2.9.2/org.scala-sbt/sbt/0.12.2/test-agent-0.12.2.jar
7fb2108f4000-7fb210909000 r--s 00114000 08:07 5650406                    /home/andrea/play-2.1.3/framework/sbt/boot/scala-2.9.2/org.scala-sbt/sbt/0.12.2/ivy-2.3.0-rc1.jar
7fb210909000-7fb21090c000 r--s 00011000 08:07 5650380                    /home/andrea/play-2.1.3/framework/sbt/boot/scala-2.9.2/org.scala-sbt/sbt/0.12.2/classfile-0.12.2.jar
7fb21090c000-7fb21090f000 r--s 00024000 08:07 5650412                    /home/andrea/play-2.1.3/framework/sbt/boot/scala-2.9.2/lib/jline.jar
7fb21090f000-7fb21091c000 r-xp 00000000 08:05 922847                     /usr/lib/jvm/java-7-openjdk-amd64/jre/lib/amd64/jli/libjli.so
7fb21091c000-7fb210b1b000 ---p 0000d000 08:05 922847                     /usr/lib/jvm/java-7-openjdk-amd64/jre/lib/amd64/jli/libjli.so
7fb210b1b000-7fb210b1c000 r--p 0000c000 08:05 922847                     /usr/lib/jvm/java-7-openjdk-amd64/jre/lib/amd64/jli/libjli.so
7fb210b1c000-7fb210b1d000 rw-p 0000d000 08:05 922847                     /usr/lib/jvm/java-7-openjdk-amd64/jre/lib/amd64/jli/libjli.so
7fb210b1d000-7fb210b3f000 r-xp 00000000 08:05 415739                     /lib/x86_64-linux-gnu/ld-2.15.so
7fb210b3f000-7fb210b42000 r--s 00018000 08:07 5650414                    /home/andrea/play-2.1.3/framework/sbt/boot/scala-2.9.2/lib/jansi.jar
7fb210b42000-7fb210b45000 r--s 000cf000 08:07 5650283                    /home/andrea/play-2.1.3/framework/sbt/boot/other/net.java.dev.jna/jna/3.2.3/jna-3.2.3.jar
7fb210b45000-7fb210b5b000 r--s 000f8000 08:07 5119703                    /home/andrea/play-2.1.3/framework/sbt/sbt-launch.jar
7fb210b5b000-7fb210b5e000 r--s 0003c000 08:05 1047017                    /usr/lib/jvm/java-7-openjdk-common/jre/lib/ext/sunpkcs11.jar
7fb210b5e000-7fb210b62000 r--s 00085000 08:05 1046719                    /usr/lib/jvm/java-7-openjdk-common/jre/lib/ext/localedata.jar
7fb210b62000-7fb210b63000 r--s 00002000 08:05 1046713                    /usr/lib/jvm/java-7-openjdk-common/jre/lib/ext/dnsns.jar
7fb210b63000-7fb210b65000 r--s 00012000 08:05 1046726                    /usr/lib/jvm/java-7-openjdk-common/jre/lib/ext/zipfs.jar
7fb210b65000-7fb210b68000 r--s 0000f000 08:05 1046717                    /usr/lib/jvm/java-7-openjdk-common/jre/lib/ext/pulse-java.jar
7fb210b68000-7fb210b6b000 r--s 00032000 08:05 1046902                    /usr/lib/jvm/java-7-openjdk-common/jre/lib/ext/sunjce_provider.jar
7fb210b6b000-7fb210b6d000 r--s 00006000 08:05 1318124                    /usr/share/java/java-atk-wrapper.jar
7fb210b6d000-7fb210ba0000 rw-p 00000000 00:00 0 
7fb210ba0000-7fb210c2d000 rw-p 00000000 00:00 0 
7fb210c2d000-7fb210c35000 rw-s 00000000 08:05 270368                     /tmp/hsperfdata_andrea/829
7fb210c35000-7fb210c36000 rw-p 00000000 00:00 0 
7fb210c36000-7fb210c37000 r--p 00000000 00:00 0 
7fb210c37000-7fb210c3a000 ---p 00000000 00:00 0 
7fb210c3a000-7fb210d3f000 rw-p 00000000 00:00 0                          [stack:830]
7fb210d3f000-7fb210d40000 r--p 00022000 08:05 415739                     /lib/x86_64-linux-gnu/ld-2.15.so
7fb210d40000-7fb210d42000 rw-p 00023000 08:05 415739                     /lib/x86_64-linux-gnu/ld-2.15.so
7fff61e77000-7fff61e98000 rw-p 00000000 00:00 0                          [stack]
7fff61f1c000-7fff61f1d000 r-xp 00000000 00:00 0                          [vdso]
ffffffffff600000-ffffffffff601000 r-xp 00000000 00:00 0                  [vsyscall]

VM Arguments:
jvm_args: -Xms512M -Xmx1536M -Xss1M -XX:+CMSClassUnloadingEnabled -XX:MaxPermSize=384M -Dfile.encoding=UTF-8 -Dplay.version=2.1.3 -Dsbt.ivy.home=/home/andrea/play-2.1.3/framework/../repository -Dplay.home=/home/andrea/play-2.1.3/framework -Dsbt.boot.properties=/home/andrea/play-2.1.3/framework/sbt/sbt.boot.properties 
java_command: /home/andrea/play-2.1.3/framework/sbt/sbt-launch.jar play
Launcher Type: SUN_STANDARD

Environment Variables:
PATH=/usr/local/heroku/bin:/opt/microchip/xc8/v1.12/bin:/opt/microchip/xc16/v1.10/bin:/opt/microchip/xc8/v1.12/bin:/opt/microchip/xc16/v1.10/bin:/usr/local/sbin:/usr/local/bin:/usr/sbin:/usr/bin:/sbin:/bin:/usr/games:/usr/local/games:/opt/microchip/xc32/v1.11/bin:/home/andrea/play-2.1.3:/opt/microchip/xc32/v1.11/bin
USERNAME=andrea
SHELL=/bin/bash
DISPLAY=:0

Signal Handlers:
SIGSEGV: [libjvm.so+0x84ed50], sa_mask[0]=0x7ffbfeff, sa_flags=0x10000004
SIGBUS: [libjvm.so+0x84ed50], sa_mask[0]=0x7ffbfeff, sa_flags=0x10000004
SIGFPE: [libjvm.so+0x6f14c0], sa_mask[0]=0x7ffbfeff, sa_flags=0x10000004
SIGPIPE: [libjvm.so+0x6f14c0], sa_mask[0]=0x7ffbfeff, sa_flags=0x10000004
SIGXFSZ: [libjvm.so+0x6f14c0], sa_mask[0]=0x7ffbfeff, sa_flags=0x10000004
SIGILL: [libjvm.so+0x6f14c0], sa_mask[0]=0x7ffbfeff, sa_flags=0x10000004
SIGUSR1: SIG_DFL, sa_mask[0]=0x00000000, sa_flags=0x00000000
SIGUSR2: [libjvm.so+0x6f1890], sa_mask[0]=0x00000000, sa_flags=0x10000004
SIGHUP: [libjvm.so+0x6f19d0], sa_mask[0]=0x7ffbfeff, sa_flags=0x10000004
SIGINT: [libjvm.so+0x6f19d0], sa_mask[0]=0x7ffbfeff, sa_flags=0x10000004
SIGTERM: [libjvm.so+0x6f19d0], sa_mask[0]=0x7ffbfeff, sa_flags=0x10000004
SIGQUIT: [libjvm.so+0x6f19d0], sa_mask[0]=0x7ffbfeff, sa_flags=0x10000004


---------------  S Y S T E M  ---------------

OS:LinuxMint 14 (nadia)
uname:Linux 3.5.0-17-generic #28-Ubuntu SMP Tue Oct 9 19:31:23 UTC 2012 x86_64
libc:glibc 2.15 NPTL 2.15 
rlimit: STACK 8192k, CORE 0k, NPROC 127725, NOFILE 4096, AS infinity
load average:0.94 0.43 0.37

/proc/meminfo:
MemTotal:       16433204 kB
MemFree:         3677132 kB
Buffers:          895192 kB
Cached:          3988384 kB
SwapCached:            0 kB
Active:          8717480 kB
Inactive:        3410100 kB
Active(anon):    7245052 kB
Inactive(anon):    18816 kB
Active(file):    1472428 kB
Inactive(file):  3391284 kB
Unevictable:           0 kB
Mlocked:               0 kB
SwapTotal:       3927036 kB
SwapFree:        3927036 kB
Dirty:              4524 kB
Writeback:             0 kB
AnonPages:       7244168 kB
Mapped:           363036 kB
Shmem:             19808 kB
Slab:             296936 kB
SReclaimable:     262160 kB
SUnreclaim:        34776 kB
KernelStack:        5632 kB
PageTables:        56828 kB
NFS_Unstable:          0 kB
Bounce:                0 kB
WritebackTmp:          0 kB
CommitLimit:    12143636 kB
Committed_AS:   12084816 kB
VmallocTotal:   34359738367 kB
VmallocUsed:      328564 kB
VmallocChunk:   34359407572 kB
HardwareCorrupted:     0 kB
AnonHugePages:         0 kB
HugePages_Total:       0
HugePages_Free:        0
HugePages_Rsvd:        0
HugePages_Surp:        0
Hugepagesize:       2048 kB
DirectMap4k:      253248 kB
DirectMap2M:     8132608 kB
DirectMap1G:     7340032 kB


CPU:total 2 (2 cores per cpu, 1 threads per core) family 16 model 4 stepping 3, cmov, cx8, fxsr, mmx, sse, sse2, sse3, popcnt, mmxext, 3dnowpref, lzcnt, sse4a, tsc, tscinvbit, tscinv

/proc/cpuinfo:
processor	: 0
vendor_id	: AuthenticAMD
cpu family	: 16
model		: 4
model name	: AMD Phenom(tm) II X2 B53 Processor
stepping	: 3
microcode	: 0x10000c8
cpu MHz		: 2800.000
cache size	: 512 KB
physical id	: 0
siblings	: 2
core id		: 0
cpu cores	: 2
apicid		: 0
initial apicid	: 0
fpu		: yes
fpu_exception	: yes
cpuid level	: 5
wp		: yes
flags		: fpu vme de pse tsc msr pae mce cx8 apic sep mtrr pge mca cmov pat pse36 clflush mmx fxsr sse sse2 ht syscall nx mmxext fxsr_opt pdpe1gb rdtscp lm 3dnowext 3dnow constant_tsc rep_good nopl nonstop_tsc extd_apicid pni monitor cx16 popcnt lahf_lm cmp_legacy svm extapic cr8_legacy abm sse4a misalignsse 3dnowprefetch osvw ibs skinit wdt hw_pstate npt lbrv svm_lock nrip_save
bogomips	: 5600.35
TLB size	: 1024 4K pages
clflush size	: 64
cache_alignment	: 64
address sizes	: 48 bits physical, 48 bits virtual
power management: ts ttp tm stc 100mhzsteps hwpstate

processor	: 1
vendor_id	: AuthenticAMD
cpu family	: 16
model		: 4
model name	: AMD Phenom(tm) II X2 B53 Processor
stepping	: 3
microcode	: 0x10000c8
cpu MHz		: 2800.000
cache size	: 512 KB
physical id	: 0
siblings	: 2
core id		: 1
cpu cores	: 2
apicid		: 1
initial apicid	: 1
fpu		: yes
fpu_exception	: yes
cpuid level	: 5
wp		: yes
flags		: fpu vme de pse tsc msr pae mce cx8 apic sep mtrr pge mca cmov pat pse36 clflush mmx fxsr sse sse2 ht syscall nx mmxext fxsr_opt pdpe1gb rdtscp lm 3dnowext 3dnow constant_tsc rep_good nopl nonstop_tsc extd_apicid pni monitor cx16 popcnt lahf_lm cmp_legacy svm extapic cr8_legacy abm sse4a misalignsse 3dnowprefetch osvw ibs skinit wdt hw_pstate npt lbrv svm_lock nrip_save
bogomips	: 5600.35
TLB size	: 1024 4K pages
clflush size	: 64
cache_alignment	: 64
address sizes	: 48 bits physical, 48 bits virtual
power management: ts ttp tm stc 100mhzsteps hwpstate



Memory: 4k page, physical 16433204k(3677132k free), swap 3927036k(3927036k free)

vm_info: OpenJDK 64-Bit Server VM (23.7-b01) for linux-amd64 JRE (1.7.0_25-b30), built on Jul  3 2013 13:56:52 by "buildd" with gcc 4.7.2

time: Thu Oct 24 16:26:48 2013
elapsed time: 1401 seconds

